-- Found ament_cmake: 1.3.11 (/opt/ros/humble/share/ament_cmake/cmake)
-- Found rclcpp: 16.0.12 (/opt/ros/humble/share/rclcpp/cmake)
-- Found rosidl_generator_c: 3.1.6 (/opt/ros/humble/share/rosidl_generator_c/cmake)
-- Found rosidl_adapter: 3.1.6 (/opt/ros/humble/share/rosidl_adapter/cmake)
-- Found rosidl_generator_cpp: 3.1.6 (/opt/ros/humble/share/rosidl_generator_cpp/cmake)
-- Using all available rosidl_typesupport_c: rosidl_typesupport_fastrtps_c;rosidl_typesupport_introspection_c
-- Using all available rosidl_typesupport_cpp: rosidl_typesupport_fastrtps_cpp;rosidl_typesupport_introspection_cpp
-- Found rmw_implementation_cmake: 6.1.2 (/opt/ros/humble/share/rmw_implementation_cmake/cmake)
-- Found rmw_fastrtps_cpp: 6.2.7 (/opt/ros/humble/share/rmw_fastrtps_cpp/cmake)
-- Using RMW implementation 'rmw_fastrtps_cpp' as default
-- Found rclcpp_components: 16.0.12 (/opt/ros/humble/share/rclcpp_components/cmake)
-- Found sensor_msgs: 4.8.0 (/opt/ros/humble/share/sensor_msgs/cmake)
-- Found rosidl_default_generators: 1.2.0 (/opt/ros/humble/share/rosidl_default_generators/cmake)
-- Configuring done
-- Generating done
-- Build files have been written to: /home/colcon_ws/build/joy2twist
[35m[1mConsolidate compiler generated dependencies of target joy2twist[0m
[100%] Built target joy2twist
-- Install configuration: ""
-- Up-to-date: /home/colcon_ws/install/joy2twist/lib/joy2twist/joy2twist
-- Up-to-date: /home/colcon_ws/install/joy2twist/share/ament_index/resource_index/package_run_dependencies/joy2twist
-- Up-to-date: /home/colcon_ws/install/joy2twist/share/ament_index/resource_index/parent_prefix_path/joy2twist
-- Up-to-date: /home/colcon_ws/install/joy2twist/share/joy2twist/environment/ament_prefix_path.sh
-- Installing: /home/colcon_ws/install/joy2twist/share/joy2twist/environment/ament_prefix_path.dsv
-- Up-to-date: /home/colcon_ws/install/joy2twist/share/joy2twist/environment/path.sh
-- Installing: /home/colcon_ws/install/joy2twist/share/joy2twist/environment/path.dsv
-- Up-to-date: /home/colcon_ws/install/joy2twist/share/joy2twist/local_setup.bash
-- Up-to-date: /home/colcon_ws/install/joy2twist/share/joy2twist/local_setup.sh
-- Up-to-date: /home/colcon_ws/install/joy2twist/share/joy2twist/local_setup.zsh
-- Installing: /home/colcon_ws/install/joy2twist/share/joy2twist/local_setup.dsv
-- Installing: /home/colcon_ws/install/joy2twist/share/joy2twist/package.dsv
-- Up-to-date: /home/colcon_ws/install/joy2twist/share/ament_index/resource_index/packages/joy2twist
-- Up-to-date: /home/colcon_ws/install/joy2twist/share/joy2twist/cmake/joy2twistConfig.cmake
-- Up-to-date: /home/colcon_ws/install/joy2twist/share/joy2twist/cmake/joy2twistConfig-version.cmake
-- Up-to-date: /home/colcon_ws/install/joy2twist/share/joy2twist/package.xml
