[0.013s] Invoking command in '/home/colcon_ws/build/joy2twist': CMAKE_PREFIX_PATH=${CMAKE_PREFIX_PATH}:/opt/ros/humble /usr/bin/cmake --build /home/colcon_ws/build/joy2twist -- -j12 -l12
[0.083s] -- Found ament_cmake: 1.3.11 (/opt/ros/humble/share/ament_cmake/cmake)
[0.218s] -- Found rclcpp: 16.0.12 (/opt/ros/humble/share/rclcpp/cmake)
[0.247s] -- Found rosidl_generator_c: 3.1.6 (/opt/ros/humble/share/rosidl_generator_c/cmake)
[0.250s] -- Found rosidl_adapter: 3.1.6 (/opt/ros/humble/share/rosidl_adapter/cmake)
[0.256s] -- Found rosidl_generator_cpp: 3.1.6 (/opt/ros/humble/share/rosidl_generator_cpp/cmake)
[0.266s] -- Using all available rosidl_typesupport_c: rosidl_typesupport_fastrtps_c;rosidl_typesupport_introspection_c
[0.278s] -- Using all available rosidl_typesupport_cpp: rosidl_typesupport_fastrtps_cpp;rosidl_typesupport_introspection_cpp
[0.311s] -- Found rmw_implementation_cmake: 6.1.2 (/opt/ros/humble/share/rmw_implementation_cmake/cmake)
[0.312s] -- Found rmw_fastrtps_cpp: 6.2.7 (/opt/ros/humble/share/rmw_fastrtps_cpp/cmake)
[0.415s] -- Using RMW implementation 'rmw_fastrtps_cpp' as default
[0.468s] -- Found rclcpp_components: 16.0.12 (/opt/ros/humble/share/rclcpp_components/cmake)
[0.488s] -- Found sensor_msgs: 4.8.0 (/opt/ros/humble/share/sensor_msgs/cmake)
[0.516s] -- Found rosidl_default_generators: 1.2.0 (/opt/ros/humble/share/rosidl_default_generators/cmake)
[0.571s] -- Configuring done
[0.580s] -- Generating done
[0.583s] -- Build files have been written to: /home/colcon_ws/build/joy2twist
[0.602s] [35m[1mConsolidate compiler generated dependencies of target joy2twist[0m
[0.621s] [100%] Built target joy2twist
[0.628s] Invoked command in '/home/colcon_ws/build/joy2twist' returned '0': CMAKE_PREFIX_PATH=${CMAKE_PREFIX_PATH}:/opt/ros/humble /usr/bin/cmake --build /home/colcon_ws/build/joy2twist -- -j12 -l12
[0.630s] Invoking command in '/home/colcon_ws/build/joy2twist': CMAKE_PREFIX_PATH=${CMAKE_PREFIX_PATH}:/opt/ros/humble /usr/bin/cmake --install /home/colcon_ws/build/joy2twist
[0.635s] -- Install configuration: ""
[0.635s] -- Up-to-date: /home/colcon_ws/install/joy2twist/lib/joy2twist/joy2twist
[0.635s] -- Up-to-date: /home/colcon_ws/install/joy2twist/share/ament_index/resource_index/package_run_dependencies/joy2twist
[0.635s] -- Up-to-date: /home/colcon_ws/install/joy2twist/share/ament_index/resource_index/parent_prefix_path/joy2twist
[0.635s] -- Up-to-date: /home/colcon_ws/install/joy2twist/share/joy2twist/environment/ament_prefix_path.sh
[0.635s] -- Installing: /home/colcon_ws/install/joy2twist/share/joy2twist/environment/ament_prefix_path.dsv
[0.635s] -- Up-to-date: /home/colcon_ws/install/joy2twist/share/joy2twist/environment/path.sh
[0.635s] -- Installing: /home/colcon_ws/install/joy2twist/share/joy2twist/environment/path.dsv
[0.636s] -- Up-to-date: /home/colcon_ws/install/joy2twist/share/joy2twist/local_setup.bash
[0.636s] -- Up-to-date: /home/colcon_ws/install/joy2twist/share/joy2twist/local_setup.sh
[0.636s] -- Up-to-date: /home/colcon_ws/install/joy2twist/share/joy2twist/local_setup.zsh
[0.636s] -- Installing: /home/colcon_ws/install/joy2twist/share/joy2twist/local_setup.dsv
[0.636s] -- Installing: /home/colcon_ws/install/joy2twist/share/joy2twist/package.dsv
[0.636s] -- Up-to-date: /home/colcon_ws/install/joy2twist/share/ament_index/resource_index/packages/joy2twist
[0.636s] -- Up-to-date: /home/colcon_ws/install/joy2twist/share/joy2twist/cmake/joy2twistConfig.cmake
[0.636s] -- Up-to-date: /home/colcon_ws/install/joy2twist/share/joy2twist/cmake/joy2twistConfig-version.cmake
[0.636s] -- Up-to-date: /home/colcon_ws/install/joy2twist/share/joy2twist/package.xml
[0.638s] Invoked command in '/home/colcon_ws/build/joy2twist' returned '0': CMAKE_PREFIX_PATH=${CMAKE_PREFIX_PATH}:/opt/ros/humble /usr/bin/cmake --install /home/colcon_ws/build/joy2twist
