[0.102s] DEBUG:colcon:Command line arguments: ['/usr/bin/colcon', 'build']
[0.102s] DEBUG:colcon:Parsed command line arguments: Namespace(log_base=None, log_level=None, verb_name='build', build_base='build', install_base='install', merge_install=False, symlink_install=False, test_result_base=None, continue_on_error=False, executor='parallel', parallel_workers=12, event_handlers=None, ignore_user_meta=False, metas=['./colcon.meta'], base_paths=['.'], packages_ignore=None, packages_ignore_regex=None, paths=None, packages_up_to=None, packages_up_to_regex=None, packages_above=None, packages_above_and_dependencies=None, packages_above_depth=None, packages_select_by_dep=None, packages_skip_by_dep=None, packages_skip_up_to=None, packages_select_build_failed=False, packages_skip_build_finished=False, packages_select_test_failures=False, packages_skip_test_passed=False, packages_select=None, packages_skip=None, packages_select_regex=None, packages_skip_regex=None, packages_start=None, packages_end=None, allow_overriding=[], cmake_args=None, cmake_target=None, cmake_target_skip_unavailable=False, cmake_clean_cache=False, cmake_clean_first=False, cmake_force_configure=False, ament_cmake_args=None, catkin_cmake_args=None, catkin_skip_building_tests=False, verb_parser=<colcon_defaults.argument_parser.defaults.DefaultArgumentsDecorator object at 0x75020479f100>, verb_extension=<colcon_core.verb.build.BuildVerb object at 0x75020479ebf0>, main=<bound method BuildVerb.main of <colcon_core.verb.build.BuildVerb object at 0x75020479ebf0>>)
[0.261s] Level 1:colcon.colcon_core.package_discovery:discover_packages(colcon_meta) check parameters
[0.262s] Level 1:colcon.colcon_core.package_discovery:discover_packages(recursive) check parameters
[0.262s] Level 1:colcon.colcon_core.package_discovery:discover_packages(ignore) check parameters
[0.262s] Level 1:colcon.colcon_core.package_discovery:discover_packages(path) check parameters
[0.262s] Level 1:colcon.colcon_core.package_discovery:discover_packages(colcon_meta) discover
[0.262s] Level 1:colcon.colcon_core.package_discovery:discover_packages(recursive) discover
[0.262s] INFO:colcon.colcon_core.package_discovery:Crawling recursively for packages in '/home/colcon_ws'
[0.262s] Level 1:colcon.colcon_core.package_identification:_identify(.) by extensions ['ignore', 'ignore_ament_install']
[0.262s] Level 1:colcon.colcon_core.package_identification:_identify(.) by extension 'ignore'
[0.262s] Level 1:colcon.colcon_core.package_identification:_identify(.) by extension 'ignore_ament_install'
[0.262s] Level 1:colcon.colcon_core.package_identification:_identify(.) by extensions ['colcon_pkg']
[0.262s] Level 1:colcon.colcon_core.package_identification:_identify(.) by extension 'colcon_pkg'
[0.262s] Level 1:colcon.colcon_core.package_identification:_identify(.) by extensions ['colcon_meta']
[0.262s] Level 1:colcon.colcon_core.package_identification:_identify(.) by extension 'colcon_meta'
[0.262s] Level 1:colcon.colcon_core.package_identification:_identify(.) by extensions ['ros']
[0.262s] Level 1:colcon.colcon_core.package_identification:_identify(.) by extension 'ros'
[0.273s] Level 1:colcon.colcon_core.package_identification:_identify(.) by extensions ['cmake', 'python']
[0.273s] Level 1:colcon.colcon_core.package_identification:_identify(.) by extension 'cmake'
[0.273s] Level 1:colcon.colcon_core.package_identification:_identify(.) by extension 'python'
[0.273s] Level 1:colcon.colcon_core.package_identification:_identify(.) by extensions ['python_setup_py']
[0.273s] Level 1:colcon.colcon_core.package_identification:_identify(.) by extension 'python_setup_py'
[0.273s] Level 1:colcon.colcon_core.package_identification:_identify(build) by extensions ['ignore', 'ignore_ament_install']
[0.273s] Level 1:colcon.colcon_core.package_identification:_identify(build) by extension 'ignore'
[0.273s] Level 1:colcon.colcon_core.package_identification:_identify(build) ignored
[0.273s] Level 1:colcon.colcon_core.package_identification:_identify(install) by extensions ['ignore', 'ignore_ament_install']
[0.273s] Level 1:colcon.colcon_core.package_identification:_identify(install) by extension 'ignore'
[0.273s] Level 1:colcon.colcon_core.package_identification:_identify(install) ignored
[0.273s] Level 1:colcon.colcon_core.package_identification:_identify(log) by extensions ['ignore', 'ignore_ament_install']
[0.273s] Level 1:colcon.colcon_core.package_identification:_identify(log) by extension 'ignore'
[0.273s] Level 1:colcon.colcon_core.package_identification:_identify(log) ignored
[0.273s] Level 1:colcon.colcon_core.package_identification:_identify(src) by extensions ['ignore', 'ignore_ament_install']
[0.273s] Level 1:colcon.colcon_core.package_identification:_identify(src) by extension 'ignore'
[0.273s] Level 1:colcon.colcon_core.package_identification:_identify(src) by extension 'ignore_ament_install'
[0.274s] Level 1:colcon.colcon_core.package_identification:_identify(src) by extensions ['colcon_pkg']
[0.274s] Level 1:colcon.colcon_core.package_identification:_identify(src) by extension 'colcon_pkg'
[0.274s] Level 1:colcon.colcon_core.package_identification:_identify(src) by extensions ['colcon_meta']
[0.274s] Level 1:colcon.colcon_core.package_identification:_identify(src) by extension 'colcon_meta'
[0.274s] Level 1:colcon.colcon_core.package_identification:_identify(src) by extensions ['ros']
[0.274s] Level 1:colcon.colcon_core.package_identification:_identify(src) by extension 'ros'
[0.274s] Level 1:colcon.colcon_core.package_identification:_identify(src) by extensions ['cmake', 'python']
[0.274s] Level 1:colcon.colcon_core.package_identification:_identify(src) by extension 'cmake'
[0.274s] Level 1:colcon.colcon_core.package_identification:_identify(src) by extension 'python'
[0.274s] Level 1:colcon.colcon_core.package_identification:_identify(src) by extensions ['python_setup_py']
[0.274s] Level 1:colcon.colcon_core.package_identification:_identify(src) by extension 'python_setup_py'
[0.274s] Level 1:colcon.colcon_core.package_identification:_identify(src/micro_ros_setup) by extensions ['ignore', 'ignore_ament_install']
[0.274s] Level 1:colcon.colcon_core.package_identification:_identify(src/micro_ros_setup) by extension 'ignore'
[0.274s] Level 1:colcon.colcon_core.package_identification:_identify(src/micro_ros_setup) by extension 'ignore_ament_install'
[0.274s] Level 1:colcon.colcon_core.package_identification:_identify(src/micro_ros_setup) by extensions ['colcon_pkg']
[0.274s] Level 1:colcon.colcon_core.package_identification:_identify(src/micro_ros_setup) by extension 'colcon_pkg'
[0.274s] Level 1:colcon.colcon_core.package_identification:_identify(src/micro_ros_setup) by extensions ['colcon_meta']
[0.274s] Level 1:colcon.colcon_core.package_identification:_identify(src/micro_ros_setup) by extension 'colcon_meta'
[0.274s] Level 1:colcon.colcon_core.package_identification:_identify(src/micro_ros_setup) by extensions ['ros']
[0.274s] Level 1:colcon.colcon_core.package_identification:_identify(src/micro_ros_setup) by extension 'ros'
[0.277s] DEBUG:colcon.colcon_core.package_identification:Package 'src/micro_ros_setup' with type 'ros.ament_cmake' and name 'micro_ros_setup'
[0.277s] Level 1:colcon.colcon_core.package_identification:_identify(src/uros) by extensions ['ignore', 'ignore_ament_install']
[0.277s] Level 1:colcon.colcon_core.package_identification:_identify(src/uros) by extension 'ignore'
[0.277s] Level 1:colcon.colcon_core.package_identification:_identify(src/uros) by extension 'ignore_ament_install'
[0.277s] Level 1:colcon.colcon_core.package_identification:_identify(src/uros) by extensions ['colcon_pkg']
[0.277s] Level 1:colcon.colcon_core.package_identification:_identify(src/uros) by extension 'colcon_pkg'
[0.277s] Level 1:colcon.colcon_core.package_identification:_identify(src/uros) by extensions ['colcon_meta']
[0.277s] Level 1:colcon.colcon_core.package_identification:_identify(src/uros) by extension 'colcon_meta'
[0.277s] Level 1:colcon.colcon_core.package_identification:_identify(src/uros) by extensions ['ros']
[0.277s] Level 1:colcon.colcon_core.package_identification:_identify(src/uros) by extension 'ros'
[0.277s] Level 1:colcon.colcon_core.package_identification:_identify(src/uros) by extensions ['cmake', 'python']
[0.277s] Level 1:colcon.colcon_core.package_identification:_identify(src/uros) by extension 'cmake'
[0.277s] Level 1:colcon.colcon_core.package_identification:_identify(src/uros) by extension 'python'
[0.277s] Level 1:colcon.colcon_core.package_identification:_identify(src/uros) by extensions ['python_setup_py']
[0.277s] Level 1:colcon.colcon_core.package_identification:_identify(src/uros) by extension 'python_setup_py'
[0.277s] Level 1:colcon.colcon_core.package_identification:_identify(src/uros/micro-ROS-Agent) by extensions ['ignore', 'ignore_ament_install']
[0.277s] Level 1:colcon.colcon_core.package_identification:_identify(src/uros/micro-ROS-Agent) by extension 'ignore'
[0.277s] Level 1:colcon.colcon_core.package_identification:_identify(src/uros/micro-ROS-Agent) by extension 'ignore_ament_install'
[0.277s] Level 1:colcon.colcon_core.package_identification:_identify(src/uros/micro-ROS-Agent) by extensions ['colcon_pkg']
[0.277s] Level 1:colcon.colcon_core.package_identification:_identify(src/uros/micro-ROS-Agent) by extension 'colcon_pkg'
[0.277s] Level 1:colcon.colcon_core.package_identification:_identify(src/uros/micro-ROS-Agent) by extensions ['colcon_meta']
[0.277s] Level 1:colcon.colcon_core.package_identification:_identify(src/uros/micro-ROS-Agent) by extension 'colcon_meta'
[0.277s] Level 1:colcon.colcon_core.package_identification:_identify(src/uros/micro-ROS-Agent) by extensions ['ros']
[0.277s] Level 1:colcon.colcon_core.package_identification:_identify(src/uros/micro-ROS-Agent) by extension 'ros'
[0.278s] Level 1:colcon.colcon_core.package_identification:_identify(src/uros/micro-ROS-Agent) by extensions ['cmake', 'python']
[0.278s] Level 1:colcon.colcon_core.package_identification:_identify(src/uros/micro-ROS-Agent) by extension 'cmake'
[0.278s] Level 1:colcon.colcon_core.package_identification:_identify(src/uros/micro-ROS-Agent) by extension 'python'
[0.278s] Level 1:colcon.colcon_core.package_identification:_identify(src/uros/micro-ROS-Agent) by extensions ['python_setup_py']
[0.278s] Level 1:colcon.colcon_core.package_identification:_identify(src/uros/micro-ROS-Agent) by extension 'python_setup_py'
[0.278s] Level 1:colcon.colcon_core.package_identification:_identify(src/uros/micro-ROS-Agent/micro_ros_agent) by extensions ['ignore', 'ignore_ament_install']
[0.278s] Level 1:colcon.colcon_core.package_identification:_identify(src/uros/micro-ROS-Agent/micro_ros_agent) by extension 'ignore'
[0.278s] Level 1:colcon.colcon_core.package_identification:_identify(src/uros/micro-ROS-Agent/micro_ros_agent) by extension 'ignore_ament_install'
[0.278s] Level 1:colcon.colcon_core.package_identification:_identify(src/uros/micro-ROS-Agent/micro_ros_agent) by extensions ['colcon_pkg']
[0.278s] Level 1:colcon.colcon_core.package_identification:_identify(src/uros/micro-ROS-Agent/micro_ros_agent) by extension 'colcon_pkg'
[0.278s] Level 1:colcon.colcon_core.package_identification:_identify(src/uros/micro-ROS-Agent/micro_ros_agent) by extensions ['colcon_meta']
[0.278s] Level 1:colcon.colcon_core.package_identification:_identify(src/uros/micro-ROS-Agent/micro_ros_agent) by extension 'colcon_meta'
[0.278s] Level 1:colcon.colcon_core.package_identification:_identify(src/uros/micro-ROS-Agent/micro_ros_agent) by extensions ['ros']
[0.278s] Level 1:colcon.colcon_core.package_identification:_identify(src/uros/micro-ROS-Agent/micro_ros_agent) by extension 'ros'
[0.279s] DEBUG:colcon.colcon_core.package_identification:Package 'src/uros/micro-ROS-Agent/micro_ros_agent' with type 'ros.ament_cmake' and name 'micro_ros_agent'
[0.279s] Level 1:colcon.colcon_core.package_identification:_identify(src/uros/micro-ROS-Agent/snap) by extensions ['ignore', 'ignore_ament_install']
[0.279s] Level 1:colcon.colcon_core.package_identification:_identify(src/uros/micro-ROS-Agent/snap) by extension 'ignore'
[0.279s] Level 1:colcon.colcon_core.package_identification:_identify(src/uros/micro-ROS-Agent/snap) by extension 'ignore_ament_install'
[0.279s] Level 1:colcon.colcon_core.package_identification:_identify(src/uros/micro-ROS-Agent/snap) by extensions ['colcon_pkg']
[0.279s] Level 1:colcon.colcon_core.package_identification:_identify(src/uros/micro-ROS-Agent/snap) by extension 'colcon_pkg'
[0.279s] Level 1:colcon.colcon_core.package_identification:_identify(src/uros/micro-ROS-Agent/snap) by extensions ['colcon_meta']
[0.279s] Level 1:colcon.colcon_core.package_identification:_identify(src/uros/micro-ROS-Agent/snap) by extension 'colcon_meta'
[0.279s] Level 1:colcon.colcon_core.package_identification:_identify(src/uros/micro-ROS-Agent/snap) by extensions ['ros']
[0.279s] Level 1:colcon.colcon_core.package_identification:_identify(src/uros/micro-ROS-Agent/snap) by extension 'ros'
[0.279s] Level 1:colcon.colcon_core.package_identification:_identify(src/uros/micro-ROS-Agent/snap) by extensions ['cmake', 'python']
[0.279s] Level 1:colcon.colcon_core.package_identification:_identify(src/uros/micro-ROS-Agent/snap) by extension 'cmake'
[0.279s] Level 1:colcon.colcon_core.package_identification:_identify(src/uros/micro-ROS-Agent/snap) by extension 'python'
[0.279s] Level 1:colcon.colcon_core.package_identification:_identify(src/uros/micro-ROS-Agent/snap) by extensions ['python_setup_py']
[0.279s] Level 1:colcon.colcon_core.package_identification:_identify(src/uros/micro-ROS-Agent/snap) by extension 'python_setup_py'
[0.279s] Level 1:colcon.colcon_core.package_identification:_identify(src/uros/micro-ROS-Agent/snap/hooks) by extensions ['ignore', 'ignore_ament_install']
[0.279s] Level 1:colcon.colcon_core.package_identification:_identify(src/uros/micro-ROS-Agent/snap/hooks) by extension 'ignore'
[0.279s] Level 1:colcon.colcon_core.package_identification:_identify(src/uros/micro-ROS-Agent/snap/hooks) by extension 'ignore_ament_install'
[0.279s] Level 1:colcon.colcon_core.package_identification:_identify(src/uros/micro-ROS-Agent/snap/hooks) by extensions ['colcon_pkg']
[0.279s] Level 1:colcon.colcon_core.package_identification:_identify(src/uros/micro-ROS-Agent/snap/hooks) by extension 'colcon_pkg'
[0.280s] Level 1:colcon.colcon_core.package_identification:_identify(src/uros/micro-ROS-Agent/snap/hooks) by extensions ['colcon_meta']
[0.280s] Level 1:colcon.colcon_core.package_identification:_identify(src/uros/micro-ROS-Agent/snap/hooks) by extension 'colcon_meta'
[0.280s] Level 1:colcon.colcon_core.package_identification:_identify(src/uros/micro-ROS-Agent/snap/hooks) by extensions ['ros']
[0.280s] Level 1:colcon.colcon_core.package_identification:_identify(src/uros/micro-ROS-Agent/snap/hooks) by extension 'ros'
[0.280s] Level 1:colcon.colcon_core.package_identification:_identify(src/uros/micro-ROS-Agent/snap/hooks) by extensions ['cmake', 'python']
[0.280s] Level 1:colcon.colcon_core.package_identification:_identify(src/uros/micro-ROS-Agent/snap/hooks) by extension 'cmake'
[0.280s] Level 1:colcon.colcon_core.package_identification:_identify(src/uros/micro-ROS-Agent/snap/hooks) by extension 'python'
[0.280s] Level 1:colcon.colcon_core.package_identification:_identify(src/uros/micro-ROS-Agent/snap/hooks) by extensions ['python_setup_py']
[0.280s] Level 1:colcon.colcon_core.package_identification:_identify(src/uros/micro-ROS-Agent/snap/hooks) by extension 'python_setup_py'
[0.280s] Level 1:colcon.colcon_core.package_identification:_identify(src/uros/micro-ROS-Agent/snap/local) by extensions ['ignore', 'ignore_ament_install']
[0.280s] Level 1:colcon.colcon_core.package_identification:_identify(src/uros/micro-ROS-Agent/snap/local) by extension 'ignore'
[0.280s] Level 1:colcon.colcon_core.package_identification:_identify(src/uros/micro-ROS-Agent/snap/local) by extension 'ignore_ament_install'
[0.280s] Level 1:colcon.colcon_core.package_identification:_identify(src/uros/micro-ROS-Agent/snap/local) by extensions ['colcon_pkg']
[0.280s] Level 1:colcon.colcon_core.package_identification:_identify(src/uros/micro-ROS-Agent/snap/local) by extension 'colcon_pkg'
[0.280s] Level 1:colcon.colcon_core.package_identification:_identify(src/uros/micro-ROS-Agent/snap/local) by extensions ['colcon_meta']
[0.280s] Level 1:colcon.colcon_core.package_identification:_identify(src/uros/micro-ROS-Agent/snap/local) by extension 'colcon_meta'
[0.280s] Level 1:colcon.colcon_core.package_identification:_identify(src/uros/micro-ROS-Agent/snap/local) by extensions ['ros']
[0.280s] Level 1:colcon.colcon_core.package_identification:_identify(src/uros/micro-ROS-Agent/snap/local) by extension 'ros'
[0.280s] Level 1:colcon.colcon_core.package_identification:_identify(src/uros/micro-ROS-Agent/snap/local) by extensions ['cmake', 'python']
[0.280s] Level 1:colcon.colcon_core.package_identification:_identify(src/uros/micro-ROS-Agent/snap/local) by extension 'cmake'
[0.280s] Level 1:colcon.colcon_core.package_identification:_identify(src/uros/micro-ROS-Agent/snap/local) by extension 'python'
[0.280s] Level 1:colcon.colcon_core.package_identification:_identify(src/uros/micro-ROS-Agent/snap/local) by extensions ['python_setup_py']
[0.280s] Level 1:colcon.colcon_core.package_identification:_identify(src/uros/micro-ROS-Agent/snap/local) by extension 'python_setup_py'
[0.280s] Level 1:colcon.colcon_core.package_identification:_identify(src/uros/micro_ros_msgs) by extensions ['ignore', 'ignore_ament_install']
[0.280s] Level 1:colcon.colcon_core.package_identification:_identify(src/uros/micro_ros_msgs) by extension 'ignore'
[0.281s] Level 1:colcon.colcon_core.package_identification:_identify(src/uros/micro_ros_msgs) by extension 'ignore_ament_install'
[0.281s] Level 1:colcon.colcon_core.package_identification:_identify(src/uros/micro_ros_msgs) by extensions ['colcon_pkg']
[0.281s] Level 1:colcon.colcon_core.package_identification:_identify(src/uros/micro_ros_msgs) by extension 'colcon_pkg'
[0.281s] Level 1:colcon.colcon_core.package_identification:_identify(src/uros/micro_ros_msgs) by extensions ['colcon_meta']
[0.281s] Level 1:colcon.colcon_core.package_identification:_identify(src/uros/micro_ros_msgs) by extension 'colcon_meta'
[0.281s] Level 1:colcon.colcon_core.package_identification:_identify(src/uros/micro_ros_msgs) by extensions ['ros']
[0.281s] Level 1:colcon.colcon_core.package_identification:_identify(src/uros/micro_ros_msgs) by extension 'ros'
[0.281s] DEBUG:colcon.colcon_core.package_identification:Package 'src/uros/micro_ros_msgs' with type 'ros.ament_cmake' and name 'micro_ros_msgs'
[0.281s] Level 1:colcon.colcon_core.package_discovery:discover_packages(recursive) using defaults
[0.281s] Level 1:colcon.colcon_core.package_discovery:discover_packages(ignore) discover
[0.281s] Level 1:colcon.colcon_core.package_discovery:discover_packages(ignore) using defaults
[0.281s] Level 1:colcon.colcon_core.package_discovery:discover_packages(path) discover
[0.281s] Level 1:colcon.colcon_core.package_discovery:discover_packages(path) using defaults
[0.302s] Level 1:colcon.colcon_core.package_discovery:discover_packages(prefix_path) check parameters
[0.302s] Level 1:colcon.colcon_core.package_discovery:discover_packages(prefix_path) discover
[0.304s] DEBUG:colcon.colcon_installed_package_information.package_discovery:Found 3 installed packages in /home/colcon_ws/install
[0.305s] DEBUG:colcon.colcon_installed_package_information.package_discovery:Found 338 installed packages in /opt/ros/humble
[0.306s] Level 1:colcon.colcon_core.package_discovery:discover_packages(prefix_path) using defaults
[0.345s] Level 5:colcon.colcon_core.verb:set package 'micro_ros_msgs' build argument 'cmake_args' from command line to 'None'
[0.345s] Level 5:colcon.colcon_core.verb:set package 'micro_ros_msgs' build argument 'cmake_target' from command line to 'None'
[0.345s] Level 5:colcon.colcon_core.verb:set package 'micro_ros_msgs' build argument 'cmake_target_skip_unavailable' from command line to 'False'
[0.345s] Level 5:colcon.colcon_core.verb:set package 'micro_ros_msgs' build argument 'cmake_clean_cache' from command line to 'False'
[0.345s] Level 5:colcon.colcon_core.verb:set package 'micro_ros_msgs' build argument 'cmake_clean_first' from command line to 'False'
[0.345s] Level 5:colcon.colcon_core.verb:set package 'micro_ros_msgs' build argument 'cmake_force_configure' from command line to 'False'
[0.345s] Level 5:colcon.colcon_core.verb:set package 'micro_ros_msgs' build argument 'ament_cmake_args' from command line to 'None'
[0.345s] Level 5:colcon.colcon_core.verb:set package 'micro_ros_msgs' build argument 'catkin_cmake_args' from command line to 'None'
[0.345s] Level 5:colcon.colcon_core.verb:set package 'micro_ros_msgs' build argument 'catkin_skip_building_tests' from command line to 'False'
[0.345s] DEBUG:colcon.colcon_core.verb:Building package 'micro_ros_msgs' with the following arguments: {'ament_cmake_args': None, 'build_base': '/home/colcon_ws/build/micro_ros_msgs', 'catkin_cmake_args': None, 'catkin_skip_building_tests': False, 'cmake_args': None, 'cmake_clean_cache': False, 'cmake_clean_first': False, 'cmake_force_configure': False, 'cmake_target': None, 'cmake_target_skip_unavailable': False, 'install_base': '/home/colcon_ws/install/micro_ros_msgs', 'merge_install': False, 'path': '/home/colcon_ws/src/uros/micro_ros_msgs', 'symlink_install': False, 'test_result_base': None}
[0.346s] Level 5:colcon.colcon_core.verb:set package 'micro_ros_setup' build argument 'cmake_args' from command line to 'None'
[0.346s] Level 5:colcon.colcon_core.verb:set package 'micro_ros_setup' build argument 'cmake_target' from command line to 'None'
[0.346s] Level 5:colcon.colcon_core.verb:set package 'micro_ros_setup' build argument 'cmake_target_skip_unavailable' from command line to 'False'
[0.346s] Level 5:colcon.colcon_core.verb:set package 'micro_ros_setup' build argument 'cmake_clean_cache' from command line to 'False'
[0.346s] Level 5:colcon.colcon_core.verb:set package 'micro_ros_setup' build argument 'cmake_clean_first' from command line to 'False'
[0.346s] Level 5:colcon.colcon_core.verb:set package 'micro_ros_setup' build argument 'cmake_force_configure' from command line to 'False'
[0.346s] Level 5:colcon.colcon_core.verb:set package 'micro_ros_setup' build argument 'ament_cmake_args' from command line to 'None'
[0.346s] Level 5:colcon.colcon_core.verb:set package 'micro_ros_setup' build argument 'catkin_cmake_args' from command line to 'None'
[0.346s] Level 5:colcon.colcon_core.verb:set package 'micro_ros_setup' build argument 'catkin_skip_building_tests' from command line to 'False'
[0.346s] DEBUG:colcon.colcon_core.verb:Building package 'micro_ros_setup' with the following arguments: {'ament_cmake_args': None, 'build_base': '/home/colcon_ws/build/micro_ros_setup', 'catkin_cmake_args': None, 'catkin_skip_building_tests': False, 'cmake_args': None, 'cmake_clean_cache': False, 'cmake_clean_first': False, 'cmake_force_configure': False, 'cmake_target': None, 'cmake_target_skip_unavailable': False, 'install_base': '/home/colcon_ws/install/micro_ros_setup', 'merge_install': False, 'path': '/home/colcon_ws/src/micro_ros_setup', 'symlink_install': False, 'test_result_base': None}
[0.346s] Level 5:colcon.colcon_core.verb:set package 'micro_ros_agent' build argument 'cmake_args' from command line to 'None'
[0.346s] Level 5:colcon.colcon_core.verb:set package 'micro_ros_agent' build argument 'cmake_target' from command line to 'None'
[0.346s] Level 5:colcon.colcon_core.verb:set package 'micro_ros_agent' build argument 'cmake_target_skip_unavailable' from command line to 'False'
[0.346s] Level 5:colcon.colcon_core.verb:set package 'micro_ros_agent' build argument 'cmake_clean_cache' from command line to 'False'
[0.346s] Level 5:colcon.colcon_core.verb:set package 'micro_ros_agent' build argument 'cmake_clean_first' from command line to 'False'
[0.346s] Level 5:colcon.colcon_core.verb:set package 'micro_ros_agent' build argument 'cmake_force_configure' from command line to 'False'
[0.346s] Level 5:colcon.colcon_core.verb:set package 'micro_ros_agent' build argument 'ament_cmake_args' from command line to 'None'
[0.346s] Level 5:colcon.colcon_core.verb:set package 'micro_ros_agent' build argument 'catkin_cmake_args' from command line to 'None'
[0.346s] Level 5:colcon.colcon_core.verb:set package 'micro_ros_agent' build argument 'catkin_skip_building_tests' from command line to 'False'
[0.346s] DEBUG:colcon.colcon_core.verb:Building package 'micro_ros_agent' with the following arguments: {'ament_cmake_args': None, 'build_base': '/home/colcon_ws/build/micro_ros_agent', 'catkin_cmake_args': None, 'catkin_skip_building_tests': False, 'cmake_args': None, 'cmake_clean_cache': False, 'cmake_clean_first': False, 'cmake_force_configure': False, 'cmake_target': None, 'cmake_target_skip_unavailable': False, 'install_base': '/home/colcon_ws/install/micro_ros_agent', 'merge_install': False, 'path': '/home/colcon_ws/src/uros/micro-ROS-Agent/micro_ros_agent', 'symlink_install': False, 'test_result_base': None}
[0.346s] INFO:colcon.colcon_core.executor:Executing jobs using 'parallel' executor
[0.347s] DEBUG:colcon.colcon_parallel_executor.executor.parallel:run_until_complete
[0.348s] INFO:colcon.colcon_ros.task.ament_cmake.build:Building ROS package in '/home/colcon_ws/src/uros/micro_ros_msgs' with build type 'ament_cmake'
[0.348s] INFO:colcon.colcon_cmake.task.cmake.build:Building CMake package in '/home/colcon_ws/src/uros/micro_ros_msgs'
[0.351s] INFO:colcon.colcon_core.plugin_system:Skipping extension 'colcon_core.shell.bat': Not used on non-Windows systems
[0.351s] INFO:colcon.colcon_core.shell:Skip shell extension 'powershell' for command environment: Not usable outside of PowerShell
[0.351s] DEBUG:colcon.colcon_core.shell:Skip shell extension 'dsv' for command environment
[0.354s] INFO:colcon.colcon_ros.task.ament_cmake.build:Building ROS package in '/home/colcon_ws/src/micro_ros_setup' with build type 'ament_cmake'
[0.354s] INFO:colcon.colcon_cmake.task.cmake.build:Building CMake package in '/home/colcon_ws/src/micro_ros_setup'
[0.354s] INFO:colcon.colcon_core.shell:Skip shell extension 'powershell' for command environment: Not usable outside of PowerShell
[0.354s] DEBUG:colcon.colcon_core.shell:Skip shell extension 'dsv' for command environment
[0.358s] DEBUG:colcon.colcon_core.event_handler.log_command:Invoking command in '/home/colcon_ws/build/micro_ros_msgs': CMAKE_PREFIX_PATH=${CMAKE_PREFIX_PATH}:/opt/ros/humble /usr/bin/cmake /home/colcon_ws/src/uros/micro_ros_msgs -DCMAKE_INSTALL_PREFIX=/home/colcon_ws/install/micro_ros_msgs
[0.362s] DEBUG:colcon.colcon_core.event_handler.log_command:Invoking command in '/home/colcon_ws/build/micro_ros_setup': CMAKE_PREFIX_PATH=${CMAKE_PREFIX_PATH}:/opt/ros/humble /usr/bin/cmake --build /home/colcon_ws/build/micro_ros_setup -- -j12 -l12
[0.588s] DEBUG:colcon.colcon_core.event_handler.log_command:Invoked command in '/home/colcon_ws/build/micro_ros_setup' returned '0': CMAKE_PREFIX_PATH=${CMAKE_PREFIX_PATH}:/opt/ros/humble /usr/bin/cmake --build /home/colcon_ws/build/micro_ros_setup -- -j12 -l12
[0.594s] DEBUG:colcon.colcon_core.event_handler.log_command:Invoking command in '/home/colcon_ws/build/micro_ros_setup': CMAKE_PREFIX_PATH=${CMAKE_PREFIX_PATH}:/opt/ros/humble /usr/bin/cmake --install /home/colcon_ws/build/micro_ros_setup
[0.617s] Level 1:colcon.colcon_core.environment:create_environment_scripts_only(micro_ros_setup)
[0.617s] DEBUG:colcon.colcon_core.event_handler.log_command:Invoked command in '/home/colcon_ws/build/micro_ros_setup' returned '0': CMAKE_PREFIX_PATH=${CMAKE_PREFIX_PATH}:/opt/ros/humble /usr/bin/cmake --install /home/colcon_ws/build/micro_ros_setup
[0.621s] Level 1:colcon.colcon_core.environment:checking '/home/colcon_ws/install/micro_ros_setup' for CMake module files
[0.621s] Level 1:colcon.colcon_core.environment:checking '/home/colcon_ws/install/micro_ros_setup' for CMake config files
[0.622s] Level 1:colcon.colcon_core.shell:create_environment_hook('micro_ros_setup', 'cmake_prefix_path')
[0.622s] INFO:colcon.colcon_core.shell:Creating environment hook '/home/colcon_ws/install/micro_ros_setup/share/micro_ros_setup/hook/cmake_prefix_path.ps1'
[0.623s] INFO:colcon.colcon_core.shell:Creating environment descriptor '/home/colcon_ws/install/micro_ros_setup/share/micro_ros_setup/hook/cmake_prefix_path.dsv'
[0.623s] INFO:colcon.colcon_core.shell:Creating environment hook '/home/colcon_ws/install/micro_ros_setup/share/micro_ros_setup/hook/cmake_prefix_path.sh'
[0.624s] Level 1:colcon.colcon_core.environment:checking '/home/colcon_ws/install/micro_ros_setup/lib'
[0.624s] Level 1:colcon.colcon_core.environment:checking '/home/colcon_ws/install/micro_ros_setup/bin'
[0.624s] Level 1:colcon.colcon_core.environment:checking '/home/colcon_ws/install/micro_ros_setup/lib/pkgconfig/micro_ros_setup.pc'
[0.624s] Level 1:colcon.colcon_core.environment:checking '/home/colcon_ws/install/micro_ros_setup/lib/python3.10/site-packages'
[0.625s] Level 1:colcon.colcon_core.environment:checking '/home/colcon_ws/install/micro_ros_setup/bin'
[0.625s] INFO:colcon.colcon_core.shell:Creating package script '/home/colcon_ws/install/micro_ros_setup/share/micro_ros_setup/package.ps1'
[0.626s] INFO:colcon.colcon_core.shell:Creating package descriptor '/home/colcon_ws/install/micro_ros_setup/share/micro_ros_setup/package.dsv'
[0.626s] INFO:colcon.colcon_core.shell:Creating package script '/home/colcon_ws/install/micro_ros_setup/share/micro_ros_setup/package.sh'
[0.627s] INFO:colcon.colcon_core.shell:Creating package script '/home/colcon_ws/install/micro_ros_setup/share/micro_ros_setup/package.bash'
[0.627s] INFO:colcon.colcon_core.shell:Creating package script '/home/colcon_ws/install/micro_ros_setup/share/micro_ros_setup/package.zsh'
[0.628s] Level 1:colcon.colcon_core.environment:create_file_with_runtime_dependencies(/home/colcon_ws/install/micro_ros_setup/share/colcon-core/packages/micro_ros_setup)
[0.628s] Level 1:colcon.colcon_core.environment:create_environment_scripts_only(micro_ros_setup)
[0.628s] Level 1:colcon.colcon_core.environment:checking '/home/colcon_ws/install/micro_ros_setup' for CMake module files
[0.629s] Level 1:colcon.colcon_core.environment:checking '/home/colcon_ws/install/micro_ros_setup' for CMake config files
[0.629s] Level 1:colcon.colcon_core.shell:create_environment_hook('micro_ros_setup', 'cmake_prefix_path')
[0.630s] INFO:colcon.colcon_core.shell:Creating environment hook '/home/colcon_ws/install/micro_ros_setup/share/micro_ros_setup/hook/cmake_prefix_path.ps1'
[0.630s] INFO:colcon.colcon_core.shell:Creating environment descriptor '/home/colcon_ws/install/micro_ros_setup/share/micro_ros_setup/hook/cmake_prefix_path.dsv'
[0.630s] INFO:colcon.colcon_core.shell:Creating environment hook '/home/colcon_ws/install/micro_ros_setup/share/micro_ros_setup/hook/cmake_prefix_path.sh'
[0.630s] Level 1:colcon.colcon_core.environment:checking '/home/colcon_ws/install/micro_ros_setup/lib'
[0.631s] Level 1:colcon.colcon_core.environment:checking '/home/colcon_ws/install/micro_ros_setup/bin'
[0.631s] Level 1:colcon.colcon_core.environment:checking '/home/colcon_ws/install/micro_ros_setup/lib/pkgconfig/micro_ros_setup.pc'
[0.631s] Level 1:colcon.colcon_core.environment:checking '/home/colcon_ws/install/micro_ros_setup/lib/python3.10/site-packages'
[0.631s] Level 1:colcon.colcon_core.environment:checking '/home/colcon_ws/install/micro_ros_setup/bin'
[0.631s] INFO:colcon.colcon_core.shell:Creating package script '/home/colcon_ws/install/micro_ros_setup/share/micro_ros_setup/package.ps1'
[0.631s] INFO:colcon.colcon_core.shell:Creating package descriptor '/home/colcon_ws/install/micro_ros_setup/share/micro_ros_setup/package.dsv'
[0.632s] INFO:colcon.colcon_core.shell:Creating package script '/home/colcon_ws/install/micro_ros_setup/share/micro_ros_setup/package.sh'
[0.632s] INFO:colcon.colcon_core.shell:Creating package script '/home/colcon_ws/install/micro_ros_setup/share/micro_ros_setup/package.bash'
[0.632s] INFO:colcon.colcon_core.shell:Creating package script '/home/colcon_ws/install/micro_ros_setup/share/micro_ros_setup/package.zsh'
[0.633s] Level 1:colcon.colcon_core.environment:create_file_with_runtime_dependencies(/home/colcon_ws/install/micro_ros_setup/share/colcon-core/packages/micro_ros_setup)
[1.110s] DEBUG:colcon.colcon_core.event_handler.log_command:Invoked command in '/home/colcon_ws/build/micro_ros_msgs' returned '0': CMAKE_PREFIX_PATH=${CMAKE_PREFIX_PATH}:/opt/ros/humble /usr/bin/cmake /home/colcon_ws/src/uros/micro_ros_msgs -DCMAKE_INSTALL_PREFIX=/home/colcon_ws/install/micro_ros_msgs
[1.111s] DEBUG:colcon.colcon_core.event_handler.log_command:Invoking command in '/home/colcon_ws/build/micro_ros_msgs': CMAKE_PREFIX_PATH=${CMAKE_PREFIX_PATH}:/opt/ros/humble /usr/bin/cmake --build /home/colcon_ws/build/micro_ros_msgs -- -j12 -l12
[2.204s] DEBUG:colcon.colcon_core.event_handler.log_command:Invoked command in '/home/colcon_ws/build/micro_ros_msgs' returned '0': CMAKE_PREFIX_PATH=${CMAKE_PREFIX_PATH}:/opt/ros/humble /usr/bin/cmake --build /home/colcon_ws/build/micro_ros_msgs -- -j12 -l12
[2.205s] DEBUG:colcon.colcon_core.event_handler.log_command:Invoking command in '/home/colcon_ws/build/micro_ros_msgs': CMAKE_PREFIX_PATH=${CMAKE_PREFIX_PATH}:/opt/ros/humble /usr/bin/cmake --install /home/colcon_ws/build/micro_ros_msgs
[2.255s] Level 1:colcon.colcon_core.environment:create_environment_scripts_only(micro_ros_msgs)
[2.255s] Level 1:colcon.colcon_core.environment:checking '/home/colcon_ws/install/micro_ros_msgs' for CMake module files
[2.255s] DEBUG:colcon.colcon_core.event_handler.log_command:Invoked command in '/home/colcon_ws/build/micro_ros_msgs' returned '0': CMAKE_PREFIX_PATH=${CMAKE_PREFIX_PATH}:/opt/ros/humble /usr/bin/cmake --install /home/colcon_ws/build/micro_ros_msgs
[2.256s] Level 1:colcon.colcon_core.environment:checking '/home/colcon_ws/install/micro_ros_msgs' for CMake config files
[2.256s] Level 1:colcon.colcon_core.shell:create_environment_hook('micro_ros_msgs', 'cmake_prefix_path')
[2.256s] INFO:colcon.colcon_core.shell:Creating environment hook '/home/colcon_ws/install/micro_ros_msgs/share/micro_ros_msgs/hook/cmake_prefix_path.ps1'
[2.257s] INFO:colcon.colcon_core.shell:Creating environment descriptor '/home/colcon_ws/install/micro_ros_msgs/share/micro_ros_msgs/hook/cmake_prefix_path.dsv'
[2.257s] INFO:colcon.colcon_core.shell:Creating environment hook '/home/colcon_ws/install/micro_ros_msgs/share/micro_ros_msgs/hook/cmake_prefix_path.sh'
[2.257s] Level 1:colcon.colcon_core.environment:checking '/home/colcon_ws/install/micro_ros_msgs/lib'
[2.257s] Level 1:colcon.colcon_core.shell:create_environment_hook('micro_ros_msgs', 'ld_library_path_lib')
[2.257s] INFO:colcon.colcon_core.shell:Creating environment hook '/home/colcon_ws/install/micro_ros_msgs/share/micro_ros_msgs/hook/ld_library_path_lib.ps1'
[2.258s] INFO:colcon.colcon_core.shell:Creating environment descriptor '/home/colcon_ws/install/micro_ros_msgs/share/micro_ros_msgs/hook/ld_library_path_lib.dsv'
[2.258s] INFO:colcon.colcon_core.shell:Creating environment hook '/home/colcon_ws/install/micro_ros_msgs/share/micro_ros_msgs/hook/ld_library_path_lib.sh'
[2.258s] Level 1:colcon.colcon_core.environment:checking '/home/colcon_ws/install/micro_ros_msgs/bin'
[2.258s] Level 1:colcon.colcon_core.environment:checking '/home/colcon_ws/install/micro_ros_msgs/lib/pkgconfig/micro_ros_msgs.pc'
[2.258s] Level 1:colcon.colcon_core.environment:checking '/home/colcon_ws/install/micro_ros_msgs/lib/python3.10/site-packages'
[2.259s] Level 1:colcon.colcon_core.environment:checking '/home/colcon_ws/install/micro_ros_msgs/bin'
[2.259s] INFO:colcon.colcon_core.shell:Creating package script '/home/colcon_ws/install/micro_ros_msgs/share/micro_ros_msgs/package.ps1'
[2.259s] INFO:colcon.colcon_core.shell:Creating package descriptor '/home/colcon_ws/install/micro_ros_msgs/share/micro_ros_msgs/package.dsv'
[2.260s] INFO:colcon.colcon_core.shell:Creating package script '/home/colcon_ws/install/micro_ros_msgs/share/micro_ros_msgs/package.sh'
[2.260s] INFO:colcon.colcon_core.shell:Creating package script '/home/colcon_ws/install/micro_ros_msgs/share/micro_ros_msgs/package.bash'
[2.260s] INFO:colcon.colcon_core.shell:Creating package script '/home/colcon_ws/install/micro_ros_msgs/share/micro_ros_msgs/package.zsh'
[2.260s] Level 1:colcon.colcon_core.environment:create_file_with_runtime_dependencies(/home/colcon_ws/install/micro_ros_msgs/share/colcon-core/packages/micro_ros_msgs)
[2.261s] Level 1:colcon.colcon_core.environment:create_environment_scripts_only(micro_ros_msgs)
[2.261s] Level 1:colcon.colcon_core.environment:checking '/home/colcon_ws/install/micro_ros_msgs' for CMake module files
[2.261s] Level 1:colcon.colcon_core.environment:checking '/home/colcon_ws/install/micro_ros_msgs' for CMake config files
[2.262s] Level 1:colcon.colcon_core.shell:create_environment_hook('micro_ros_msgs', 'cmake_prefix_path')
[2.262s] INFO:colcon.colcon_core.shell:Creating environment hook '/home/colcon_ws/install/micro_ros_msgs/share/micro_ros_msgs/hook/cmake_prefix_path.ps1'
[2.262s] INFO:colcon.colcon_core.shell:Creating environment descriptor '/home/colcon_ws/install/micro_ros_msgs/share/micro_ros_msgs/hook/cmake_prefix_path.dsv'
[2.262s] INFO:colcon.colcon_core.shell:Creating environment hook '/home/colcon_ws/install/micro_ros_msgs/share/micro_ros_msgs/hook/cmake_prefix_path.sh'
[2.263s] Level 1:colcon.colcon_core.environment:checking '/home/colcon_ws/install/micro_ros_msgs/lib'
[2.263s] Level 1:colcon.colcon_core.shell:create_environment_hook('micro_ros_msgs', 'ld_library_path_lib')
[2.263s] INFO:colcon.colcon_core.shell:Creating environment hook '/home/colcon_ws/install/micro_ros_msgs/share/micro_ros_msgs/hook/ld_library_path_lib.ps1'
[2.263s] INFO:colcon.colcon_core.shell:Creating environment descriptor '/home/colcon_ws/install/micro_ros_msgs/share/micro_ros_msgs/hook/ld_library_path_lib.dsv'
[2.263s] INFO:colcon.colcon_core.shell:Creating environment hook '/home/colcon_ws/install/micro_ros_msgs/share/micro_ros_msgs/hook/ld_library_path_lib.sh'
[2.264s] Level 1:colcon.colcon_core.environment:checking '/home/colcon_ws/install/micro_ros_msgs/bin'
[2.264s] Level 1:colcon.colcon_core.environment:checking '/home/colcon_ws/install/micro_ros_msgs/lib/pkgconfig/micro_ros_msgs.pc'
[2.264s] Level 1:colcon.colcon_core.environment:checking '/home/colcon_ws/install/micro_ros_msgs/lib/python3.10/site-packages'
[2.264s] Level 1:colcon.colcon_core.environment:checking '/home/colcon_ws/install/micro_ros_msgs/bin'
[2.264s] INFO:colcon.colcon_core.shell:Creating package script '/home/colcon_ws/install/micro_ros_msgs/share/micro_ros_msgs/package.ps1'
[2.265s] INFO:colcon.colcon_core.shell:Creating package descriptor '/home/colcon_ws/install/micro_ros_msgs/share/micro_ros_msgs/package.dsv'
[2.265s] INFO:colcon.colcon_core.shell:Creating package script '/home/colcon_ws/install/micro_ros_msgs/share/micro_ros_msgs/package.sh'
[2.265s] INFO:colcon.colcon_core.shell:Creating package script '/home/colcon_ws/install/micro_ros_msgs/share/micro_ros_msgs/package.bash'
[2.266s] INFO:colcon.colcon_core.shell:Creating package script '/home/colcon_ws/install/micro_ros_msgs/share/micro_ros_msgs/package.zsh'
[2.266s] Level 1:colcon.colcon_core.environment:create_file_with_runtime_dependencies(/home/colcon_ws/install/micro_ros_msgs/share/colcon-core/packages/micro_ros_msgs)
[2.266s] INFO:colcon.colcon_ros.task.ament_cmake.build:Building ROS package in '/home/colcon_ws/src/uros/micro-ROS-Agent/micro_ros_agent' with build type 'ament_cmake'
[2.266s] INFO:colcon.colcon_cmake.task.cmake.build:Building CMake package in '/home/colcon_ws/src/uros/micro-ROS-Agent/micro_ros_agent'
[2.267s] INFO:colcon.colcon_core.shell:Skip shell extension 'powershell' for command environment: Not usable outside of PowerShell
[2.267s] DEBUG:colcon.colcon_core.shell:Skip shell extension 'dsv' for command environment
[2.274s] DEBUG:colcon.colcon_core.event_handler.log_command:Invoking command in '/home/colcon_ws/build/micro_ros_agent': CMAKE_PREFIX_PATH=/home/colcon_ws/install/micro_ros_msgs:/home/colcon_ws/install/micro_ros_setup:/home/colcon_ws/install/micro_ros_agent:/opt/ros/humble LD_LIBRARY_PATH=/home/colcon_ws/install/micro_ros_msgs/lib:/home/colcon_ws/install/micro_ros_agent/lib:/usr/lib/x86_64-linux-gnu/gazebo-11/plugins:/opt/ros/humble/opt/rviz_ogre_vendor/lib:/opt/ros/humble/lib/x86_64-linux-gnu:/opt/ros/humble/lib:/usr/local/nvidia/lib:/usr/local/nvidia/lib64 /usr/bin/cmake /home/colcon_ws/src/uros/micro-ROS-Agent/micro_ros_agent -DCMAKE_INSTALL_PREFIX=/home/colcon_ws/install/micro_ros_agent
[2.571s] DEBUG:colcon.colcon_core.event_handler.log_command:Invoked command in '/home/colcon_ws/build/micro_ros_agent' returned '0': CMAKE_PREFIX_PATH=/home/colcon_ws/install/micro_ros_msgs:/home/colcon_ws/install/micro_ros_setup:/home/colcon_ws/install/micro_ros_agent:/opt/ros/humble LD_LIBRARY_PATH=/home/colcon_ws/install/micro_ros_msgs/lib:/home/colcon_ws/install/micro_ros_agent/lib:/usr/lib/x86_64-linux-gnu/gazebo-11/plugins:/opt/ros/humble/opt/rviz_ogre_vendor/lib:/opt/ros/humble/lib/x86_64-linux-gnu:/opt/ros/humble/lib:/usr/local/nvidia/lib:/usr/local/nvidia/lib64 /usr/bin/cmake /home/colcon_ws/src/uros/micro-ROS-Agent/micro_ros_agent -DCMAKE_INSTALL_PREFIX=/home/colcon_ws/install/micro_ros_agent
[2.572s] DEBUG:colcon.colcon_core.event_handler.log_command:Invoking command in '/home/colcon_ws/build/micro_ros_agent': CMAKE_PREFIX_PATH=/home/colcon_ws/install/micro_ros_msgs:/home/colcon_ws/install/micro_ros_setup:/home/colcon_ws/install/micro_ros_agent:/opt/ros/humble LD_LIBRARY_PATH=/home/colcon_ws/install/micro_ros_msgs/lib:/home/colcon_ws/install/micro_ros_agent/lib:/usr/lib/x86_64-linux-gnu/gazebo-11/plugins:/opt/ros/humble/opt/rviz_ogre_vendor/lib:/opt/ros/humble/lib/x86_64-linux-gnu:/opt/ros/humble/lib:/usr/local/nvidia/lib:/usr/local/nvidia/lib64 /usr/bin/cmake --build /home/colcon_ws/build/micro_ros_agent -- -j12 -l12
[5.613s] DEBUG:colcon.colcon_core.event_handler.log_command:Invoked command in '/home/colcon_ws/build/micro_ros_agent' returned '0': CMAKE_PREFIX_PATH=/home/colcon_ws/install/micro_ros_msgs:/home/colcon_ws/install/micro_ros_setup:/home/colcon_ws/install/micro_ros_agent:/opt/ros/humble LD_LIBRARY_PATH=/home/colcon_ws/install/micro_ros_msgs/lib:/home/colcon_ws/install/micro_ros_agent/lib:/usr/lib/x86_64-linux-gnu/gazebo-11/plugins:/opt/ros/humble/opt/rviz_ogre_vendor/lib:/opt/ros/humble/lib/x86_64-linux-gnu:/opt/ros/humble/lib:/usr/local/nvidia/lib:/usr/local/nvidia/lib64 /usr/bin/cmake --build /home/colcon_ws/build/micro_ros_agent -- -j12 -l12
[5.614s] DEBUG:colcon.colcon_core.event_handler.log_command:Invoking command in '/home/colcon_ws/build/micro_ros_agent': CMAKE_PREFIX_PATH=/home/colcon_ws/install/micro_ros_msgs:/home/colcon_ws/install/micro_ros_setup:/home/colcon_ws/install/micro_ros_agent:/opt/ros/humble LD_LIBRARY_PATH=/home/colcon_ws/install/micro_ros_msgs/lib:/home/colcon_ws/install/micro_ros_agent/lib:/usr/lib/x86_64-linux-gnu/gazebo-11/plugins:/opt/ros/humble/opt/rviz_ogre_vendor/lib:/opt/ros/humble/lib/x86_64-linux-gnu:/opt/ros/humble/lib:/usr/local/nvidia/lib:/usr/local/nvidia/lib64 /usr/bin/cmake --install /home/colcon_ws/build/micro_ros_agent
[5.623s] Level 1:colcon.colcon_core.environment:create_environment_scripts_only(micro_ros_agent)
[5.623s] Level 1:colcon.colcon_core.environment:checking '/home/colcon_ws/install/micro_ros_agent' for CMake module files
[5.623s] DEBUG:colcon.colcon_core.event_handler.log_command:Invoked command in '/home/colcon_ws/build/micro_ros_agent' returned '0': CMAKE_PREFIX_PATH=/home/colcon_ws/install/micro_ros_msgs:/home/colcon_ws/install/micro_ros_setup:/home/colcon_ws/install/micro_ros_agent:/opt/ros/humble LD_LIBRARY_PATH=/home/colcon_ws/install/micro_ros_msgs/lib:/home/colcon_ws/install/micro_ros_agent/lib:/usr/lib/x86_64-linux-gnu/gazebo-11/plugins:/opt/ros/humble/opt/rviz_ogre_vendor/lib:/opt/ros/humble/lib/x86_64-linux-gnu:/opt/ros/humble/lib:/usr/local/nvidia/lib:/usr/local/nvidia/lib64 /usr/bin/cmake --install /home/colcon_ws/build/micro_ros_agent
[5.623s] Level 1:colcon.colcon_core.environment:checking '/home/colcon_ws/install/micro_ros_agent' for CMake config files
[5.624s] Level 1:colcon.colcon_core.shell:create_environment_hook('micro_ros_agent', 'cmake_prefix_path')
[5.624s] INFO:colcon.colcon_core.shell:Creating environment hook '/home/colcon_ws/install/micro_ros_agent/share/micro_ros_agent/hook/cmake_prefix_path.ps1'
[5.624s] INFO:colcon.colcon_core.shell:Creating environment descriptor '/home/colcon_ws/install/micro_ros_agent/share/micro_ros_agent/hook/cmake_prefix_path.dsv'
[5.624s] INFO:colcon.colcon_core.shell:Creating environment hook '/home/colcon_ws/install/micro_ros_agent/share/micro_ros_agent/hook/cmake_prefix_path.sh'
[5.625s] Level 1:colcon.colcon_core.environment:checking '/home/colcon_ws/install/micro_ros_agent/lib'
[5.625s] Level 1:colcon.colcon_core.shell:create_environment_hook('micro_ros_agent', 'ld_library_path_lib')
[5.625s] INFO:colcon.colcon_core.shell:Creating environment hook '/home/colcon_ws/install/micro_ros_agent/share/micro_ros_agent/hook/ld_library_path_lib.ps1'
[5.625s] INFO:colcon.colcon_core.shell:Creating environment descriptor '/home/colcon_ws/install/micro_ros_agent/share/micro_ros_agent/hook/ld_library_path_lib.dsv'
[5.626s] INFO:colcon.colcon_core.shell:Creating environment hook '/home/colcon_ws/install/micro_ros_agent/share/micro_ros_agent/hook/ld_library_path_lib.sh'
[5.626s] Level 1:colcon.colcon_core.environment:checking '/home/colcon_ws/install/micro_ros_agent/bin'
[5.626s] Level 1:colcon.colcon_core.environment:checking '/home/colcon_ws/install/micro_ros_agent/lib/pkgconfig/micro_ros_agent.pc'
[5.626s] Level 1:colcon.colcon_core.environment:checking '/home/colcon_ws/install/micro_ros_agent/lib/python3.10/site-packages'
[5.626s] Level 1:colcon.colcon_core.environment:checking '/home/colcon_ws/install/micro_ros_agent/bin'
[5.627s] INFO:colcon.colcon_core.shell:Creating package script '/home/colcon_ws/install/micro_ros_agent/share/micro_ros_agent/package.ps1'
[5.627s] INFO:colcon.colcon_core.shell:Creating package descriptor '/home/colcon_ws/install/micro_ros_agent/share/micro_ros_agent/package.dsv'
[5.627s] INFO:colcon.colcon_core.shell:Creating package script '/home/colcon_ws/install/micro_ros_agent/share/micro_ros_agent/package.sh'
[5.628s] INFO:colcon.colcon_core.shell:Creating package script '/home/colcon_ws/install/micro_ros_agent/share/micro_ros_agent/package.bash'
[5.628s] INFO:colcon.colcon_core.shell:Creating package script '/home/colcon_ws/install/micro_ros_agent/share/micro_ros_agent/package.zsh'
[5.628s] Level 1:colcon.colcon_core.environment:create_file_with_runtime_dependencies(/home/colcon_ws/install/micro_ros_agent/share/colcon-core/packages/micro_ros_agent)
[5.629s] Level 1:colcon.colcon_core.environment:create_environment_scripts_only(micro_ros_agent)
[5.629s] Level 1:colcon.colcon_core.environment:checking '/home/colcon_ws/install/micro_ros_agent' for CMake module files
[5.629s] Level 1:colcon.colcon_core.environment:checking '/home/colcon_ws/install/micro_ros_agent' for CMake config files
[5.629s] Level 1:colcon.colcon_core.shell:create_environment_hook('micro_ros_agent', 'cmake_prefix_path')
[5.629s] INFO:colcon.colcon_core.shell:Creating environment hook '/home/colcon_ws/install/micro_ros_agent/share/micro_ros_agent/hook/cmake_prefix_path.ps1'
[5.630s] INFO:colcon.colcon_core.shell:Creating environment descriptor '/home/colcon_ws/install/micro_ros_agent/share/micro_ros_agent/hook/cmake_prefix_path.dsv'
[5.630s] INFO:colcon.colcon_core.shell:Creating environment hook '/home/colcon_ws/install/micro_ros_agent/share/micro_ros_agent/hook/cmake_prefix_path.sh'
[5.630s] Level 1:colcon.colcon_core.environment:checking '/home/colcon_ws/install/micro_ros_agent/lib'
[5.630s] Level 1:colcon.colcon_core.shell:create_environment_hook('micro_ros_agent', 'ld_library_path_lib')
[5.630s] INFO:colcon.colcon_core.shell:Creating environment hook '/home/colcon_ws/install/micro_ros_agent/share/micro_ros_agent/hook/ld_library_path_lib.ps1'
[5.631s] INFO:colcon.colcon_core.shell:Creating environment descriptor '/home/colcon_ws/install/micro_ros_agent/share/micro_ros_agent/hook/ld_library_path_lib.dsv'
[5.631s] INFO:colcon.colcon_core.shell:Creating environment hook '/home/colcon_ws/install/micro_ros_agent/share/micro_ros_agent/hook/ld_library_path_lib.sh'
[5.631s] Level 1:colcon.colcon_core.environment:checking '/home/colcon_ws/install/micro_ros_agent/bin'
[5.631s] Level 1:colcon.colcon_core.environment:checking '/home/colcon_ws/install/micro_ros_agent/lib/pkgconfig/micro_ros_agent.pc'
[5.631s] Level 1:colcon.colcon_core.environment:checking '/home/colcon_ws/install/micro_ros_agent/lib/python3.10/site-packages'
[5.632s] Level 1:colcon.colcon_core.environment:checking '/home/colcon_ws/install/micro_ros_agent/bin'
[5.632s] INFO:colcon.colcon_core.shell:Creating package script '/home/colcon_ws/install/micro_ros_agent/share/micro_ros_agent/package.ps1'
[5.632s] INFO:colcon.colcon_core.shell:Creating package descriptor '/home/colcon_ws/install/micro_ros_agent/share/micro_ros_agent/package.dsv'
[5.633s] INFO:colcon.colcon_core.shell:Creating package script '/home/colcon_ws/install/micro_ros_agent/share/micro_ros_agent/package.sh'
[5.633s] INFO:colcon.colcon_core.shell:Creating package script '/home/colcon_ws/install/micro_ros_agent/share/micro_ros_agent/package.bash'
[5.633s] INFO:colcon.colcon_core.shell:Creating package script '/home/colcon_ws/install/micro_ros_agent/share/micro_ros_agent/package.zsh'
[5.634s] Level 1:colcon.colcon_core.environment:create_file_with_runtime_dependencies(/home/colcon_ws/install/micro_ros_agent/share/colcon-core/packages/micro_ros_agent)
[5.634s] DEBUG:colcon.colcon_parallel_executor.executor.parallel:closing loop
[5.634s] DEBUG:colcon.colcon_parallel_executor.executor.parallel:loop closed
[5.634s] DEBUG:colcon.colcon_parallel_executor.executor.parallel:run_until_complete finished with '0'
[5.634s] DEBUG:colcon.colcon_core.event_reactor:joining thread
[5.643s] INFO:colcon.colcon_core.plugin_system:Skipping extension 'colcon_notification.desktop_notification.notify_send': Could not find 'notify-send'
[5.643s] INFO:colcon.colcon_core.plugin_system:Skipping extension 'colcon_notification.desktop_notification.terminal_notifier': Not used on non-Darwin systems
[5.643s] INFO:colcon.colcon_core.plugin_system:Skipping extension 'colcon_notification.desktop_notification.win32': Not used on non-Windows systems
[5.643s] INFO:colcon.colcon_notification.desktop_notification:Sending desktop notification using 'notify2'
[5.646s] DEBUG:colcon.colcon_notification.desktop_notification.notify2:Failed to initialize notify2: org.freedesktop.DBus.Error.Spawn.ExecFailed: /usr/bin/dbus-launch terminated abnormally without any error message
[5.646s] DEBUG:colcon.colcon_core.event_reactor:joined thread
[5.646s] INFO:colcon.colcon_core.shell:Creating prefix script '/home/colcon_ws/install/local_setup.ps1'
[5.647s] INFO:colcon.colcon_core.shell:Creating prefix util module '/home/colcon_ws/install/_local_setup_util_ps1.py'
[5.648s] INFO:colcon.colcon_core.shell:Creating prefix chain script '/home/colcon_ws/install/setup.ps1'
[5.649s] INFO:colcon.colcon_core.shell:Creating prefix script '/home/colcon_ws/install/local_setup.sh'
[5.650s] INFO:colcon.colcon_core.shell:Creating prefix util module '/home/colcon_ws/install/_local_setup_util_sh.py'
[5.650s] INFO:colcon.colcon_core.shell:Creating prefix chain script '/home/colcon_ws/install/setup.sh'
[5.651s] INFO:colcon.colcon_core.shell:Creating prefix script '/home/colcon_ws/install/local_setup.bash'
[5.652s] INFO:colcon.colcon_core.shell:Creating prefix chain script '/home/colcon_ws/install/setup.bash'
[5.652s] INFO:colcon.colcon_core.shell:Creating prefix script '/home/colcon_ws/install/local_setup.zsh'
[5.653s] INFO:colcon.colcon_core.shell:Creating prefix chain script '/home/colcon_ws/install/setup.zsh'
