[0.011s] Invoking command in '/home/colcon_ws/build/joy2twist': CMAKE_PREFIX_PATH=${CMAKE_PREFIX_PATH}:/opt/ros/humble /usr/bin/cmake --build /home/colcon_ws/build/joy2twist -- -j12 -l12
[0.039s] -- Found ament_cmake: 1.3.11 (/opt/ros/humble/share/ament_cmake/cmake)
[0.147s] -- Found rclcpp: 16.0.12 (/opt/ros/humble/share/rclcpp/cmake)
[0.175s] -- Found rosidl_generator_c: 3.1.6 (/opt/ros/humble/share/rosidl_generator_c/cmake)
[0.177s] -- Found rosidl_adapter: 3.1.6 (/opt/ros/humble/share/rosidl_adapter/cmake)
[0.182s] -- Found rosidl_generator_cpp: 3.1.6 (/opt/ros/humble/share/rosidl_generator_cpp/cmake)
[0.191s] -- Using all available rosidl_typesupport_c: rosidl_typesupport_fastrtps_c;rosidl_typesupport_introspection_c
[0.201s] -- Using all available rosidl_typesupport_cpp: rosidl_typesupport_fastrtps_cpp;rosidl_typesupport_introspection_cpp
[0.235s] -- Found rmw_implementation_cmake: 6.1.2 (/opt/ros/humble/share/rmw_implementation_cmake/cmake)
[0.237s] -- Found rmw_fastrtps_cpp: 6.2.7 (/opt/ros/humble/share/rmw_fastrtps_cpp/cmake)
[0.345s] -- Using RMW implementation 'rmw_fastrtps_cpp' as default
[0.392s] -- Found rclcpp_components: 16.0.12 (/opt/ros/humble/share/rclcpp_components/cmake)
[0.411s] -- Found sensor_msgs: 4.8.0 (/opt/ros/humble/share/sensor_msgs/cmake)
[0.441s] -- Found rosidl_default_generators: 1.2.0 (/opt/ros/humble/share/rosidl_default_generators/cmake)
[0.493s] -- Configuring done
[0.501s] -- Generating done
[0.504s] -- Build files have been written to: /home/colcon_ws/build/joy2twist
[0.522s] [35m[1mConsolidate compiler generated dependencies of target joy2twist[0m
[0.542s] [ 50%] [32mBuilding CXX object CMakeFiles/joy2twist.dir/src/joy2twist_node.cpp.o[0m
[7.373s] [100%] [32m[1mLinking CXX executable joy2twist[0m
[7.639s] [100%] Built target joy2twist
[7.647s] Invoked command in '/home/colcon_ws/build/joy2twist' returned '0': CMAKE_PREFIX_PATH=${CMAKE_PREFIX_PATH}:/opt/ros/humble /usr/bin/cmake --build /home/colcon_ws/build/joy2twist -- -j12 -l12
[7.648s] Invoking command in '/home/colcon_ws/build/joy2twist': CMAKE_PREFIX_PATH=${CMAKE_PREFIX_PATH}:/opt/ros/humble /usr/bin/cmake --install /home/colcon_ws/build/joy2twist
[7.653s] -- Install configuration: ""
[7.653s] -- Installing: /home/colcon_ws/install/joy2twist/lib/joy2twist/joy2twist
[7.656s] -- Set runtime path of "/home/colcon_ws/install/joy2twist/lib/joy2twist/joy2twist" to ""
[7.656s] -- Installing: /home/colcon_ws/install/joy2twist/share/ament_index/resource_index/package_run_dependencies/joy2twist
[7.656s] -- Up-to-date: /home/colcon_ws/install/joy2twist/share/ament_index/resource_index/parent_prefix_path/joy2twist
[7.656s] -- Installing: /home/colcon_ws/install/joy2twist/share/joy2twist/environment/ament_prefix_path.sh
[7.656s] -- Installing: /home/colcon_ws/install/joy2twist/share/joy2twist/environment/ament_prefix_path.dsv
[7.656s] -- Installing: /home/colcon_ws/install/joy2twist/share/joy2twist/environment/path.sh
[7.656s] -- Installing: /home/colcon_ws/install/joy2twist/share/joy2twist/environment/path.dsv
[7.656s] -- Up-to-date: /home/colcon_ws/install/joy2twist/share/joy2twist/local_setup.bash
[7.656s] -- Up-to-date: /home/colcon_ws/install/joy2twist/share/joy2twist/local_setup.sh
[7.656s] -- Up-to-date: /home/colcon_ws/install/joy2twist/share/joy2twist/local_setup.zsh
[7.656s] -- Installing: /home/colcon_ws/install/joy2twist/share/joy2twist/local_setup.dsv
[7.656s] -- Installing: /home/colcon_ws/install/joy2twist/share/joy2twist/package.dsv
[7.657s] -- Up-to-date: /home/colcon_ws/install/joy2twist/share/ament_index/resource_index/packages/joy2twist
[7.657s] -- Up-to-date: /home/colcon_ws/install/joy2twist/share/joy2twist/cmake/joy2twistConfig.cmake
[7.657s] -- Up-to-date: /home/colcon_ws/install/joy2twist/share/joy2twist/cmake/joy2twistConfig-version.cmake
[7.657s] -- Up-to-date: /home/colcon_ws/install/joy2twist/share/joy2twist/package.xml
[7.658s] Invoked command in '/home/colcon_ws/build/joy2twist' returned '0': CMAKE_PREFIX_PATH=${CMAKE_PREFIX_PATH}:/opt/ros/humble /usr/bin/cmake --install /home/colcon_ws/build/joy2twist
