[0.025s] Invoking command in '/home/colcon_ws/build/micro_ros_msgs': CMAKE_PREFIX_PATH=${CMAKE_PREFIX_PATH}:/opt/ros/humble /usr/bin/cmake --build /home/colcon_ws/build/micro_ros_msgs -- -j12 -l12
[0.095s] [35m[1mConsolidate compiler generated dependencies of target micro_ros_msgs__rosidl_generator_c[0m
[0.111s] [  2%] Built target micro_ros_msgs__cpp
[0.118s] [ 12%] Built target micro_ros_msgs__rosidl_generator_c
[0.184s] [35m[1mConsolidate compiler generated dependencies of target micro_ros_msgs__rosidl_typesupport_cpp[0m
[0.184s] [ 12%] Built target ament_cmake_python_copy_micro_ros_msgs
[0.185s] [35m[1mConsolidate compiler generated dependencies of target micro_ros_msgs__rosidl_typesupport_introspection_cpp[0m
[0.186s] [35m[1mConsolidate compiler generated dependencies of target micro_ros_msgs__rosidl_typesupport_fastrtps_cpp[0m
[0.186s] [35m[1mConsolidate compiler generated dependencies of target micro_ros_msgs__rosidl_typesupport_c[0m
[0.186s] [35m[1mConsolidate compiler generated dependencies of target micro_ros_msgs__rosidl_typesupport_introspection_c[0m
[0.187s] [35m[1mConsolidate compiler generated dependencies of target micro_ros_msgs__rosidl_typesupport_fastrtps_c[0m
[0.187s] [ 34%] Built target micro_ros_msgs__rosidl_typesupport_c
[0.187s] [ 34%] Built target micro_ros_msgs__rosidl_typesupport_cpp
[0.188s] [ 46%] Built target micro_ros_msgs__rosidl_typesupport_introspection_cpp
[0.188s] [ 55%] Built target micro_ros_msgs__rosidl_typesupport_introspection_c
[0.189s] [ 65%] Built target micro_ros_msgs__rosidl_typesupport_fastrtps_cpp
[0.189s] [ 76%] Built target micro_ros_msgs__rosidl_typesupport_fastrtps_c
[0.228s] [ 76%] Built target micro_ros_msgs
[0.267s] [ 78%] Built target micro_ros_msgs__py
[0.294s] [35m[1mConsolidate compiler generated dependencies of target micro_ros_msgs__rosidl_generator_py[0m
[0.315s] [ 87%] Built target micro_ros_msgs__rosidl_generator_py
[0.332s] [35m[1mConsolidate compiler generated dependencies of target micro_ros_msgs__rosidl_typesupport_c__pyext[0m
[0.332s] [35m[1mConsolidate compiler generated dependencies of target micro_ros_msgs__rosidl_typesupport_introspection_c__pyext[0m
[0.335s] [35m[1mConsolidate compiler generated dependencies of target micro_ros_msgs__rosidl_typesupport_fastrtps_c__pyext[0m
[0.348s] [ 95%] Built target micro_ros_msgs__rosidl_typesupport_introspection_c__pyext
[0.348s] [ 95%] Built target micro_ros_msgs__rosidl_typesupport_c__pyext
[0.351s] [100%] Built target micro_ros_msgs__rosidl_typesupport_fastrtps_c__pyext
[0.565s] running egg_info
[0.566s] writing micro_ros_msgs.egg-info/PKG-INFO
[0.566s] writing dependency_links to micro_ros_msgs.egg-info/dependency_links.txt
[0.567s] writing top-level names to micro_ros_msgs.egg-info/top_level.txt
[0.570s] reading manifest file 'micro_ros_msgs.egg-info/SOURCES.txt'
[0.570s] writing manifest file 'micro_ros_msgs.egg-info/SOURCES.txt'
[0.598s] [100%] Built target ament_cmake_python_build_micro_ros_msgs_egg
[0.611s] Invoked command in '/home/colcon_ws/build/micro_ros_msgs' returned '0': CMAKE_PREFIX_PATH=${CMAKE_PREFIX_PATH}:/opt/ros/humble /usr/bin/cmake --build /home/colcon_ws/build/micro_ros_msgs -- -j12 -l12
[0.614s] Invoking command in '/home/colcon_ws/build/micro_ros_msgs': CMAKE_PREFIX_PATH=${CMAKE_PREFIX_PATH}:/opt/ros/humble /usr/bin/cmake --install /home/colcon_ws/build/micro_ros_msgs
[0.622s] -- Install configuration: ""
[0.622s] -- Up-to-date: /home/colcon_ws/install/micro_ros_msgs/share/ament_index/resource_index/rosidl_interfaces/micro_ros_msgs
[0.622s] -- Up-to-date: /home/colcon_ws/install/micro_ros_msgs/include/micro_ros_msgs/micro_ros_msgs
[0.622s] -- Up-to-date: /home/colcon_ws/install/micro_ros_msgs/include/micro_ros_msgs/micro_ros_msgs/msg
[0.622s] -- Up-to-date: /home/colcon_ws/install/micro_ros_msgs/include/micro_ros_msgs/micro_ros_msgs/msg/graph.h
[0.622s] -- Up-to-date: /home/colcon_ws/install/micro_ros_msgs/include/micro_ros_msgs/micro_ros_msgs/msg/rosidl_generator_c__visibility_control.h
[0.623s] -- Up-to-date: /home/colcon_ws/install/micro_ros_msgs/include/micro_ros_msgs/micro_ros_msgs/msg/detail
[0.623s] -- Up-to-date: /home/colcon_ws/install/micro_ros_msgs/include/micro_ros_msgs/micro_ros_msgs/msg/detail/node__functions.h
[0.623s] -- Up-to-date: /home/colcon_ws/install/micro_ros_msgs/include/micro_ros_msgs/micro_ros_msgs/msg/detail/graph__functions.c
[0.623s] -- Up-to-date: /home/colcon_ws/install/micro_ros_msgs/include/micro_ros_msgs/micro_ros_msgs/msg/detail/entity__functions.c
[0.623s] -- Up-to-date: /home/colcon_ws/install/micro_ros_msgs/include/micro_ros_msgs/micro_ros_msgs/msg/detail/graph__type_support.h
[0.624s] -- Up-to-date: /home/colcon_ws/install/micro_ros_msgs/include/micro_ros_msgs/micro_ros_msgs/msg/detail/node__struct.h
[0.624s] -- Up-to-date: /home/colcon_ws/install/micro_ros_msgs/include/micro_ros_msgs/micro_ros_msgs/msg/detail/entity__type_support.h
[0.624s] -- Up-to-date: /home/colcon_ws/install/micro_ros_msgs/include/micro_ros_msgs/micro_ros_msgs/msg/detail/graph__struct.h
[0.624s] -- Up-to-date: /home/colcon_ws/install/micro_ros_msgs/include/micro_ros_msgs/micro_ros_msgs/msg/detail/node__type_support.h
[0.624s] -- Up-to-date: /home/colcon_ws/install/micro_ros_msgs/include/micro_ros_msgs/micro_ros_msgs/msg/detail/node__functions.c
[0.625s] -- Up-to-date: /home/colcon_ws/install/micro_ros_msgs/include/micro_ros_msgs/micro_ros_msgs/msg/detail/entity__functions.h
[0.625s] -- Up-to-date: /home/colcon_ws/install/micro_ros_msgs/include/micro_ros_msgs/micro_ros_msgs/msg/detail/graph__functions.h
[0.625s] -- Up-to-date: /home/colcon_ws/install/micro_ros_msgs/include/micro_ros_msgs/micro_ros_msgs/msg/detail/entity__struct.h
[0.625s] -- Up-to-date: /home/colcon_ws/install/micro_ros_msgs/include/micro_ros_msgs/micro_ros_msgs/msg/entity.h
[0.625s] -- Up-to-date: /home/colcon_ws/install/micro_ros_msgs/include/micro_ros_msgs/micro_ros_msgs/msg/node.h
[0.625s] -- Up-to-date: /home/colcon_ws/install/micro_ros_msgs/share/micro_ros_msgs/environment/library_path.sh
[0.626s] -- Up-to-date: /home/colcon_ws/install/micro_ros_msgs/share/micro_ros_msgs/environment/library_path.dsv
[0.626s] -- Up-to-date: /home/colcon_ws/install/micro_ros_msgs/lib/libmicro_ros_msgs__rosidl_generator_c.so
[0.626s] -- Up-to-date: /home/colcon_ws/install/micro_ros_msgs/include/micro_ros_msgs/micro_ros_msgs
[0.626s] -- Up-to-date: /home/colcon_ws/install/micro_ros_msgs/include/micro_ros_msgs/micro_ros_msgs/msg
[0.626s] -- Up-to-date: /home/colcon_ws/install/micro_ros_msgs/include/micro_ros_msgs/micro_ros_msgs/msg/rosidl_typesupport_fastrtps_c__visibility_control.h
[0.627s] -- Up-to-date: /home/colcon_ws/install/micro_ros_msgs/include/micro_ros_msgs/micro_ros_msgs/msg/detail
[0.627s] -- Up-to-date: /home/colcon_ws/install/micro_ros_msgs/include/micro_ros_msgs/micro_ros_msgs/msg/detail/graph__rosidl_typesupport_fastrtps_c.h
[0.627s] -- Up-to-date: /home/colcon_ws/install/micro_ros_msgs/include/micro_ros_msgs/micro_ros_msgs/msg/detail/entity__rosidl_typesupport_fastrtps_c.h
[0.627s] -- Up-to-date: /home/colcon_ws/install/micro_ros_msgs/include/micro_ros_msgs/micro_ros_msgs/msg/detail/node__rosidl_typesupport_fastrtps_c.h
[0.627s] -- Up-to-date: /home/colcon_ws/install/micro_ros_msgs/lib/libmicro_ros_msgs__rosidl_typesupport_fastrtps_c.so
[0.628s] -- Up-to-date: /home/colcon_ws/install/micro_ros_msgs/include/micro_ros_msgs/micro_ros_msgs
[0.628s] -- Up-to-date: /home/colcon_ws/install/micro_ros_msgs/include/micro_ros_msgs/micro_ros_msgs/msg
[0.628s] -- Up-to-date: /home/colcon_ws/install/micro_ros_msgs/include/micro_ros_msgs/micro_ros_msgs/msg/rosidl_typesupport_introspection_c__visibility_control.h
[0.628s] -- Up-to-date: /home/colcon_ws/install/micro_ros_msgs/include/micro_ros_msgs/micro_ros_msgs/msg/detail
[0.628s] -- Up-to-date: /home/colcon_ws/install/micro_ros_msgs/include/micro_ros_msgs/micro_ros_msgs/msg/detail/graph__rosidl_typesupport_introspection_c.h
[0.628s] -- Up-to-date: /home/colcon_ws/install/micro_ros_msgs/include/micro_ros_msgs/micro_ros_msgs/msg/detail/entity__rosidl_typesupport_introspection_c.h
[0.629s] -- Up-to-date: /home/colcon_ws/install/micro_ros_msgs/include/micro_ros_msgs/micro_ros_msgs/msg/detail/node__type_support.c
[0.629s] -- Up-to-date: /home/colcon_ws/install/micro_ros_msgs/include/micro_ros_msgs/micro_ros_msgs/msg/detail/entity__type_support.c
[0.629s] -- Up-to-date: /home/colcon_ws/install/micro_ros_msgs/include/micro_ros_msgs/micro_ros_msgs/msg/detail/graph__type_support.c
[0.629s] -- Up-to-date: /home/colcon_ws/install/micro_ros_msgs/include/micro_ros_msgs/micro_ros_msgs/msg/detail/node__rosidl_typesupport_introspection_c.h
[0.629s] -- Up-to-date: /home/colcon_ws/install/micro_ros_msgs/lib/libmicro_ros_msgs__rosidl_typesupport_introspection_c.so
[0.629s] -- Up-to-date: /home/colcon_ws/install/micro_ros_msgs/lib/libmicro_ros_msgs__rosidl_typesupport_c.so
[0.630s] -- Up-to-date: /home/colcon_ws/install/micro_ros_msgs/include/micro_ros_msgs/micro_ros_msgs
[0.630s] -- Up-to-date: /home/colcon_ws/install/micro_ros_msgs/include/micro_ros_msgs/micro_ros_msgs/msg
[0.630s] -- Up-to-date: /home/colcon_ws/install/micro_ros_msgs/include/micro_ros_msgs/micro_ros_msgs/msg/node.hpp
[0.630s] -- Up-to-date: /home/colcon_ws/install/micro_ros_msgs/include/micro_ros_msgs/micro_ros_msgs/msg/rosidl_generator_cpp__visibility_control.hpp
[0.630s] -- Up-to-date: /home/colcon_ws/install/micro_ros_msgs/include/micro_ros_msgs/micro_ros_msgs/msg/detail
[0.630s] -- Up-to-date: /home/colcon_ws/install/micro_ros_msgs/include/micro_ros_msgs/micro_ros_msgs/msg/detail/graph__traits.hpp
[0.631s] -- Up-to-date: /home/colcon_ws/install/micro_ros_msgs/include/micro_ros_msgs/micro_ros_msgs/msg/detail/entity__type_support.hpp
[0.631s] -- Up-to-date: /home/colcon_ws/install/micro_ros_msgs/include/micro_ros_msgs/micro_ros_msgs/msg/detail/graph__struct.hpp
[0.631s] -- Up-to-date: /home/colcon_ws/install/micro_ros_msgs/include/micro_ros_msgs/micro_ros_msgs/msg/detail/graph__type_support.hpp
[0.631s] -- Up-to-date: /home/colcon_ws/install/micro_ros_msgs/include/micro_ros_msgs/micro_ros_msgs/msg/detail/node__builder.hpp
[0.631s] -- Up-to-date: /home/colcon_ws/install/micro_ros_msgs/include/micro_ros_msgs/micro_ros_msgs/msg/detail/entity__builder.hpp
[0.631s] -- Up-to-date: /home/colcon_ws/install/micro_ros_msgs/include/micro_ros_msgs/micro_ros_msgs/msg/detail/node__struct.hpp
[0.632s] -- Up-to-date: /home/colcon_ws/install/micro_ros_msgs/include/micro_ros_msgs/micro_ros_msgs/msg/detail/node__type_support.hpp
[0.632s] -- Up-to-date: /home/colcon_ws/install/micro_ros_msgs/include/micro_ros_msgs/micro_ros_msgs/msg/detail/entity__struct.hpp
[0.632s] -- Up-to-date: /home/colcon_ws/install/micro_ros_msgs/include/micro_ros_msgs/micro_ros_msgs/msg/detail/graph__builder.hpp
[0.632s] -- Up-to-date: /home/colcon_ws/install/micro_ros_msgs/include/micro_ros_msgs/micro_ros_msgs/msg/detail/node__traits.hpp
[0.632s] -- Up-to-date: /home/colcon_ws/install/micro_ros_msgs/include/micro_ros_msgs/micro_ros_msgs/msg/detail/entity__traits.hpp
[0.632s] -- Up-to-date: /home/colcon_ws/install/micro_ros_msgs/include/micro_ros_msgs/micro_ros_msgs/msg/entity.hpp
[0.632s] -- Up-to-date: /home/colcon_ws/install/micro_ros_msgs/include/micro_ros_msgs/micro_ros_msgs/msg/graph.hpp
[0.633s] -- Up-to-date: /home/colcon_ws/install/micro_ros_msgs/include/micro_ros_msgs/micro_ros_msgs
[0.633s] -- Up-to-date: /home/colcon_ws/install/micro_ros_msgs/include/micro_ros_msgs/micro_ros_msgs/msg
[0.633s] -- Up-to-date: /home/colcon_ws/install/micro_ros_msgs/include/micro_ros_msgs/micro_ros_msgs/msg/detail
[0.633s] -- Up-to-date: /home/colcon_ws/install/micro_ros_msgs/include/micro_ros_msgs/micro_ros_msgs/msg/detail/entity__rosidl_typesupport_fastrtps_cpp.hpp
[0.633s] -- Up-to-date: /home/colcon_ws/install/micro_ros_msgs/include/micro_ros_msgs/micro_ros_msgs/msg/detail/node__rosidl_typesupport_fastrtps_cpp.hpp
[0.633s] -- Up-to-date: /home/colcon_ws/install/micro_ros_msgs/include/micro_ros_msgs/micro_ros_msgs/msg/detail/graph__rosidl_typesupport_fastrtps_cpp.hpp
[0.633s] -- Up-to-date: /home/colcon_ws/install/micro_ros_msgs/include/micro_ros_msgs/micro_ros_msgs/msg/detail/dds_fastrtps
[0.633s] -- Up-to-date: /home/colcon_ws/install/micro_ros_msgs/include/micro_ros_msgs/micro_ros_msgs/msg/rosidl_typesupport_fastrtps_cpp__visibility_control.h
[0.634s] -- Up-to-date: /home/colcon_ws/install/micro_ros_msgs/lib/libmicro_ros_msgs__rosidl_typesupport_fastrtps_cpp.so
[0.634s] -- Up-to-date: /home/colcon_ws/install/micro_ros_msgs/include/micro_ros_msgs/micro_ros_msgs
[0.634s] -- Up-to-date: /home/colcon_ws/install/micro_ros_msgs/include/micro_ros_msgs/micro_ros_msgs/msg
[0.634s] -- Up-to-date: /home/colcon_ws/install/micro_ros_msgs/include/micro_ros_msgs/micro_ros_msgs/msg/detail
[0.634s] -- Up-to-date: /home/colcon_ws/install/micro_ros_msgs/include/micro_ros_msgs/micro_ros_msgs/msg/detail/node__type_support.cpp
[0.634s] -- Up-to-date: /home/colcon_ws/install/micro_ros_msgs/include/micro_ros_msgs/micro_ros_msgs/msg/detail/node__rosidl_typesupport_introspection_cpp.hpp
[0.634s] -- Up-to-date: /home/colcon_ws/install/micro_ros_msgs/include/micro_ros_msgs/micro_ros_msgs/msg/detail/entity__type_support.cpp
[0.635s] -- Up-to-date: /home/colcon_ws/install/micro_ros_msgs/include/micro_ros_msgs/micro_ros_msgs/msg/detail/graph__type_support.cpp
[0.635s] -- Up-to-date: /home/colcon_ws/install/micro_ros_msgs/include/micro_ros_msgs/micro_ros_msgs/msg/detail/entity__rosidl_typesupport_introspection_cpp.hpp
[0.635s] -- Up-to-date: /home/colcon_ws/install/micro_ros_msgs/include/micro_ros_msgs/micro_ros_msgs/msg/detail/graph__rosidl_typesupport_introspection_cpp.hpp
[0.635s] -- Up-to-date: /home/colcon_ws/install/micro_ros_msgs/lib/libmicro_ros_msgs__rosidl_typesupport_introspection_cpp.so
[0.635s] -- Up-to-date: /home/colcon_ws/install/micro_ros_msgs/lib/libmicro_ros_msgs__rosidl_typesupport_cpp.so
[0.635s] -- Up-to-date: /home/colcon_ws/install/micro_ros_msgs/share/micro_ros_msgs/environment/pythonpath.sh
[0.635s] -- Up-to-date: /home/colcon_ws/install/micro_ros_msgs/share/micro_ros_msgs/environment/pythonpath.dsv
[0.635s] -- Up-to-date: /home/colcon_ws/install/micro_ros_msgs/local/lib/python3.10/dist-packages/micro_ros_msgs-3.0.1-py3.10.egg-info
[0.636s] -- Installing: /home/colcon_ws/install/micro_ros_msgs/local/lib/python3.10/dist-packages/micro_ros_msgs-3.0.1-py3.10.egg-info/SOURCES.txt
[0.636s] -- Installing: /home/colcon_ws/install/micro_ros_msgs/local/lib/python3.10/dist-packages/micro_ros_msgs-3.0.1-py3.10.egg-info/dependency_links.txt
[0.636s] -- Installing: /home/colcon_ws/install/micro_ros_msgs/local/lib/python3.10/dist-packages/micro_ros_msgs-3.0.1-py3.10.egg-info/PKG-INFO
[0.636s] -- Installing: /home/colcon_ws/install/micro_ros_msgs/local/lib/python3.10/dist-packages/micro_ros_msgs-3.0.1-py3.10.egg-info/top_level.txt
[0.636s] -- Up-to-date: /home/colcon_ws/install/micro_ros_msgs/local/lib/python3.10/dist-packages/micro_ros_msgs
[0.636s] -- Up-to-date: /home/colcon_ws/install/micro_ros_msgs/local/lib/python3.10/dist-packages/micro_ros_msgs/_micro_ros_msgs_s.ep.rosidl_typesupport_introspection_c.c
[0.636s] -- Up-to-date: /home/colcon_ws/install/micro_ros_msgs/local/lib/python3.10/dist-packages/micro_ros_msgs/micro_ros_msgs_s__rosidl_typesupport_introspection_c.cpython-310-x86_64-linux-gnu.so
[0.637s] -- Up-to-date: /home/colcon_ws/install/micro_ros_msgs/local/lib/python3.10/dist-packages/micro_ros_msgs/libmicro_ros_msgs__rosidl_generator_py.so
[0.637s] -- Up-to-date: /home/colcon_ws/install/micro_ros_msgs/local/lib/python3.10/dist-packages/micro_ros_msgs/msg
[0.637s] -- Up-to-date: /home/colcon_ws/install/micro_ros_msgs/local/lib/python3.10/dist-packages/micro_ros_msgs/msg/_node.py
[0.637s] -- Up-to-date: /home/colcon_ws/install/micro_ros_msgs/local/lib/python3.10/dist-packages/micro_ros_msgs/msg/_entity_s.c
[0.637s] -- Up-to-date: /home/colcon_ws/install/micro_ros_msgs/local/lib/python3.10/dist-packages/micro_ros_msgs/msg/_entity.py
[0.637s] -- Up-to-date: /home/colcon_ws/install/micro_ros_msgs/local/lib/python3.10/dist-packages/micro_ros_msgs/msg/_graph_s.c
[0.637s] -- Up-to-date: /home/colcon_ws/install/micro_ros_msgs/local/lib/python3.10/dist-packages/micro_ros_msgs/msg/_node_s.c
[0.637s] -- Up-to-date: /home/colcon_ws/install/micro_ros_msgs/local/lib/python3.10/dist-packages/micro_ros_msgs/msg/__init__.py
[0.638s] -- Up-to-date: /home/colcon_ws/install/micro_ros_msgs/local/lib/python3.10/dist-packages/micro_ros_msgs/msg/_graph.py
[0.638s] -- Up-to-date: /home/colcon_ws/install/micro_ros_msgs/local/lib/python3.10/dist-packages/micro_ros_msgs/_micro_ros_msgs_s.ep.rosidl_typesupport_c.c
[0.638s] -- Up-to-date: /home/colcon_ws/install/micro_ros_msgs/local/lib/python3.10/dist-packages/micro_ros_msgs/micro_ros_msgs_s__rosidl_typesupport_fastrtps_c.cpython-310-x86_64-linux-gnu.so
[0.638s] -- Up-to-date: /home/colcon_ws/install/micro_ros_msgs/local/lib/python3.10/dist-packages/micro_ros_msgs/_micro_ros_msgs_s.ep.rosidl_typesupport_fastrtps_c.c
[0.638s] -- Up-to-date: /home/colcon_ws/install/micro_ros_msgs/local/lib/python3.10/dist-packages/micro_ros_msgs/__init__.py
[0.638s] -- Up-to-date: /home/colcon_ws/install/micro_ros_msgs/local/lib/python3.10/dist-packages/micro_ros_msgs/micro_ros_msgs_s__rosidl_typesupport_c.cpython-310-x86_64-linux-gnu.so
[0.673s] Listing '/home/colcon_ws/install/micro_ros_msgs/local/lib/python3.10/dist-packages/micro_ros_msgs'...
[0.673s] Listing '/home/colcon_ws/install/micro_ros_msgs/local/lib/python3.10/dist-packages/micro_ros_msgs/msg'...
[0.679s] -- Up-to-date: /home/colcon_ws/install/micro_ros_msgs/local/lib/python3.10/dist-packages/micro_ros_msgs/micro_ros_msgs_s__rosidl_typesupport_fastrtps_c.cpython-310-x86_64-linux-gnu.so
[0.679s] -- Up-to-date: /home/colcon_ws/install/micro_ros_msgs/local/lib/python3.10/dist-packages/micro_ros_msgs/micro_ros_msgs_s__rosidl_typesupport_introspection_c.cpython-310-x86_64-linux-gnu.so
[0.679s] -- Up-to-date: /home/colcon_ws/install/micro_ros_msgs/local/lib/python3.10/dist-packages/micro_ros_msgs/micro_ros_msgs_s__rosidl_typesupport_c.cpython-310-x86_64-linux-gnu.so
[0.679s] -- Up-to-date: /home/colcon_ws/install/micro_ros_msgs/lib/libmicro_ros_msgs__rosidl_generator_py.so
[0.680s] -- Up-to-date: /home/colcon_ws/install/micro_ros_msgs/share/micro_ros_msgs/msg/Graph.idl
[0.680s] -- Up-to-date: /home/colcon_ws/install/micro_ros_msgs/share/micro_ros_msgs/msg/Node.idl
[0.680s] -- Up-to-date: /home/colcon_ws/install/micro_ros_msgs/share/micro_ros_msgs/msg/Entity.idl
[0.680s] -- Up-to-date: /home/colcon_ws/install/micro_ros_msgs/share/micro_ros_msgs/msg/Graph.msg
[0.680s] -- Up-to-date: /home/colcon_ws/install/micro_ros_msgs/share/micro_ros_msgs/msg/Node.msg
[0.681s] -- Up-to-date: /home/colcon_ws/install/micro_ros_msgs/share/micro_ros_msgs/msg/Entity.msg
[0.681s] -- Up-to-date: /home/colcon_ws/install/micro_ros_msgs/share/ament_index/resource_index/package_run_dependencies/micro_ros_msgs
[0.681s] -- Up-to-date: /home/colcon_ws/install/micro_ros_msgs/share/ament_index/resource_index/parent_prefix_path/micro_ros_msgs
[0.681s] -- Up-to-date: /home/colcon_ws/install/micro_ros_msgs/share/micro_ros_msgs/environment/ament_prefix_path.sh
[0.681s] -- Up-to-date: /home/colcon_ws/install/micro_ros_msgs/share/micro_ros_msgs/environment/ament_prefix_path.dsv
[0.681s] -- Up-to-date: /home/colcon_ws/install/micro_ros_msgs/share/micro_ros_msgs/environment/path.sh
[0.681s] -- Up-to-date: /home/colcon_ws/install/micro_ros_msgs/share/micro_ros_msgs/environment/path.dsv
[0.682s] -- Up-to-date: /home/colcon_ws/install/micro_ros_msgs/share/micro_ros_msgs/local_setup.bash
[0.682s] -- Up-to-date: /home/colcon_ws/install/micro_ros_msgs/share/micro_ros_msgs/local_setup.sh
[0.682s] -- Up-to-date: /home/colcon_ws/install/micro_ros_msgs/share/micro_ros_msgs/local_setup.zsh
[0.682s] -- Up-to-date: /home/colcon_ws/install/micro_ros_msgs/share/micro_ros_msgs/local_setup.dsv
[0.682s] -- Installing: /home/colcon_ws/install/micro_ros_msgs/share/micro_ros_msgs/package.dsv
[0.682s] -- Up-to-date: /home/colcon_ws/install/micro_ros_msgs/share/ament_index/resource_index/packages/micro_ros_msgs
[0.683s] -- Up-to-date: /home/colcon_ws/install/micro_ros_msgs/share/micro_ros_msgs/cmake/export_micro_ros_msgs__rosidl_generator_cExport.cmake
[0.683s] -- Up-to-date: /home/colcon_ws/install/micro_ros_msgs/share/micro_ros_msgs/cmake/export_micro_ros_msgs__rosidl_generator_cExport-noconfig.cmake
[0.683s] -- Up-to-date: /home/colcon_ws/install/micro_ros_msgs/share/micro_ros_msgs/cmake/export_micro_ros_msgs__rosidl_typesupport_fastrtps_cExport.cmake
[0.683s] -- Up-to-date: /home/colcon_ws/install/micro_ros_msgs/share/micro_ros_msgs/cmake/export_micro_ros_msgs__rosidl_typesupport_fastrtps_cExport-noconfig.cmake
[0.683s] -- Up-to-date: /home/colcon_ws/install/micro_ros_msgs/share/micro_ros_msgs/cmake/micro_ros_msgs__rosidl_typesupport_introspection_cExport.cmake
[0.683s] -- Up-to-date: /home/colcon_ws/install/micro_ros_msgs/share/micro_ros_msgs/cmake/micro_ros_msgs__rosidl_typesupport_introspection_cExport-noconfig.cmake
[0.684s] -- Up-to-date: /home/colcon_ws/install/micro_ros_msgs/share/micro_ros_msgs/cmake/micro_ros_msgs__rosidl_typesupport_cExport.cmake
[0.684s] -- Up-to-date: /home/colcon_ws/install/micro_ros_msgs/share/micro_ros_msgs/cmake/micro_ros_msgs__rosidl_typesupport_cExport-noconfig.cmake
[0.684s] -- Up-to-date: /home/colcon_ws/install/micro_ros_msgs/share/micro_ros_msgs/cmake/export_micro_ros_msgs__rosidl_generator_cppExport.cmake
[0.684s] -- Up-to-date: /home/colcon_ws/install/micro_ros_msgs/share/micro_ros_msgs/cmake/export_micro_ros_msgs__rosidl_typesupport_fastrtps_cppExport.cmake
[0.684s] -- Up-to-date: /home/colcon_ws/install/micro_ros_msgs/share/micro_ros_msgs/cmake/export_micro_ros_msgs__rosidl_typesupport_fastrtps_cppExport-noconfig.cmake
[0.684s] -- Up-to-date: /home/colcon_ws/install/micro_ros_msgs/share/micro_ros_msgs/cmake/micro_ros_msgs__rosidl_typesupport_introspection_cppExport.cmake
[0.685s] -- Up-to-date: /home/colcon_ws/install/micro_ros_msgs/share/micro_ros_msgs/cmake/micro_ros_msgs__rosidl_typesupport_introspection_cppExport-noconfig.cmake
[0.685s] -- Up-to-date: /home/colcon_ws/install/micro_ros_msgs/share/micro_ros_msgs/cmake/micro_ros_msgs__rosidl_typesupport_cppExport.cmake
[0.685s] -- Up-to-date: /home/colcon_ws/install/micro_ros_msgs/share/micro_ros_msgs/cmake/micro_ros_msgs__rosidl_typesupport_cppExport-noconfig.cmake
[0.685s] -- Up-to-date: /home/colcon_ws/install/micro_ros_msgs/share/micro_ros_msgs/cmake/export_micro_ros_msgs__rosidl_generator_pyExport.cmake
[0.685s] -- Up-to-date: /home/colcon_ws/install/micro_ros_msgs/share/micro_ros_msgs/cmake/export_micro_ros_msgs__rosidl_generator_pyExport-noconfig.cmake
[0.685s] -- Up-to-date: /home/colcon_ws/install/micro_ros_msgs/share/micro_ros_msgs/cmake/rosidl_cmake-extras.cmake
[0.685s] -- Up-to-date: /home/colcon_ws/install/micro_ros_msgs/share/micro_ros_msgs/cmake/ament_cmake_export_include_directories-extras.cmake
[0.686s] -- Up-to-date: /home/colcon_ws/install/micro_ros_msgs/share/micro_ros_msgs/cmake/ament_cmake_export_libraries-extras.cmake
[0.686s] -- Up-to-date: /home/colcon_ws/install/micro_ros_msgs/share/micro_ros_msgs/cmake/ament_cmake_export_targets-extras.cmake
[0.686s] -- Up-to-date: /home/colcon_ws/install/micro_ros_msgs/share/micro_ros_msgs/cmake/rosidl_cmake_export_typesupport_targets-extras.cmake
[0.686s] -- Up-to-date: /home/colcon_ws/install/micro_ros_msgs/share/micro_ros_msgs/cmake/ament_cmake_export_dependencies-extras.cmake
[0.686s] -- Up-to-date: /home/colcon_ws/install/micro_ros_msgs/share/micro_ros_msgs/cmake/rosidl_cmake_export_typesupport_libraries-extras.cmake
[0.687s] -- Up-to-date: /home/colcon_ws/install/micro_ros_msgs/share/micro_ros_msgs/cmake/micro_ros_msgsConfig.cmake
[0.687s] -- Up-to-date: /home/colcon_ws/install/micro_ros_msgs/share/micro_ros_msgs/cmake/micro_ros_msgsConfig-version.cmake
[0.687s] -- Up-to-date: /home/colcon_ws/install/micro_ros_msgs/share/micro_ros_msgs/package.xml
[0.689s] Invoked command in '/home/colcon_ws/build/micro_ros_msgs' returned '0': CMAKE_PREFIX_PATH=${CMAKE_PREFIX_PATH}:/opt/ros/humble /usr/bin/cmake --install /home/colcon_ws/build/micro_ros_msgs
