[0.021s] Invoking command in '/home/colcon_ws/build/joy2twist': CMAKE_PREFIX_PATH=${CMAKE_PREFIX_PATH}:/opt/ros/humble /usr/bin/cmake --build /home/colcon_ws/build/joy2twist -- -j12 -l12
[0.094s] [35m[1mConsolidate compiler generated dependencies of target joy2twist[0m
[0.179s] [100%] Built target joy2twist
[0.229s] Invoked command in '/home/colcon_ws/build/joy2twist' returned '0': CMAKE_PREFIX_PATH=${CMAKE_PREFIX_PATH}:/opt/ros/humble /usr/bin/cmake --build /home/colcon_ws/build/joy2twist -- -j12 -l12
[0.231s] Invoking command in '/home/colcon_ws/build/joy2twist': CMAKE_PREFIX_PATH=${CMAKE_PREFIX_PATH}:/opt/ros/humble /usr/bin/cmake --install /home/colcon_ws/build/joy2twist
[0.247s] -- Install configuration: ""
[0.247s] -- Up-to-date: /home/colcon_ws/install/joy2twist/lib/joy2twist/joy2twist
[0.248s] -- Up-to-date: /home/colcon_ws/install/joy2twist/share/ament_index/resource_index/package_run_dependencies/joy2twist
[0.249s] -- Up-to-date: /home/colcon_ws/install/joy2twist/share/ament_index/resource_index/parent_prefix_path/joy2twist
[0.250s] -- Up-to-date: /home/colcon_ws/install/joy2twist/share/joy2twist/environment/ament_prefix_path.sh
[0.250s] -- Up-to-date: /home/colcon_ws/install/joy2twist/share/joy2twist/environment/ament_prefix_path.dsv
[0.251s] -- Up-to-date: /home/colcon_ws/install/joy2twist/share/joy2twist/environment/path.sh
[0.251s] -- Up-to-date: /home/colcon_ws/install/joy2twist/share/joy2twist/environment/path.dsv
[0.251s] -- Up-to-date: /home/colcon_ws/install/joy2twist/share/joy2twist/local_setup.bash
[0.251s] -- Up-to-date: /home/colcon_ws/install/joy2twist/share/joy2twist/local_setup.sh
[0.251s] -- Up-to-date: /home/colcon_ws/install/joy2twist/share/joy2twist/local_setup.zsh
[0.251s] -- Up-to-date: /home/colcon_ws/install/joy2twist/share/joy2twist/local_setup.dsv
[0.252s] -- Installing: /home/colcon_ws/install/joy2twist/share/joy2twist/package.dsv
[0.252s] -- Up-to-date: /home/colcon_ws/install/joy2twist/share/ament_index/resource_index/packages/joy2twist
[0.252s] -- Up-to-date: /home/colcon_ws/install/joy2twist/share/joy2twist/cmake/joy2twistConfig.cmake
[0.252s] -- Up-to-date: /home/colcon_ws/install/joy2twist/share/joy2twist/cmake/joy2twistConfig-version.cmake
[0.252s] -- Up-to-date: /home/colcon_ws/install/joy2twist/share/joy2twist/package.xml
[0.255s] Invoked command in '/home/colcon_ws/build/joy2twist' returned '0': CMAKE_PREFIX_PATH=${CMAKE_PREFIX_PATH}:/opt/ros/humble /usr/bin/cmake --install /home/colcon_ws/build/joy2twist
