[0.007s] Invoking command in '/home/colcon_ws/build/joy2twist': CMAKE_PREFIX_PATH=${CMAKE_PREFIX_PATH}:/opt/ros/humble /usr/bin/cmake --build /home/colcon_ws/build/joy2twist -- -j12 -l12
[0.025s] -- Found ament_cmake: 1.3.11 (/opt/ros/humble/share/ament_cmake/cmake)
[0.176s] -- Found rclcpp: 16.0.12 (/opt/ros/humble/share/rclcpp/cmake)
[0.199s] -- Found rosidl_generator_c: 3.1.6 (/opt/ros/humble/share/rosidl_generator_c/cmake)
[0.201s] -- Found rosidl_adapter: 3.1.6 (/opt/ros/humble/share/rosidl_adapter/cmake)
[0.206s] -- Found rosidl_generator_cpp: 3.1.6 (/opt/ros/humble/share/rosidl_generator_cpp/cmake)
[0.216s] -- Using all available rosidl_typesupport_c: rosidl_typesupport_fastrtps_c;rosidl_typesupport_introspection_c
[0.230s] -- Using all available rosidl_typesupport_cpp: rosidl_typesupport_fastrtps_cpp;rosidl_typesupport_introspection_cpp
[0.282s] -- Found rmw_implementation_cmake: 6.1.2 (/opt/ros/humble/share/rmw_implementation_cmake/cmake)
[0.285s] -- Found rmw_fastrtps_cpp: 6.2.7 (/opt/ros/humble/share/rmw_fastrtps_cpp/cmake)
[0.411s] -- Using RMW implementation 'rmw_fastrtps_cpp' as default
[0.450s] -- Found geometry_msgs: 4.8.0 (/opt/ros/humble/share/geometry_msgs/cmake)
[0.459s] -- Found rosidl_default_generators: 1.2.0 (/opt/ros/humble/share/rosidl_default_generators/cmake)
[0.475s] [31mCMake Error at CMakeLists.txt:21 (find_package):
[0.475s]   By not providing "Findjoy2twist.cmake" in CMAKE_MODULE_PATH this project
[0.475s]   has asked CMake to find a package configuration file provided by
[0.475s]   "joy2twist", but CMake did not find one.
[0.475s] 
[0.475s]   Could not find a package configuration file provided by "joy2twist" with
[0.475s]   any of the following names:
[0.475s] 
[0.475s]     joy2twistConfig.cmake
[0.475s]     joy2twist-config.cmake
[0.475s] 
[0.475s]   Add the installation prefix of "joy2twist" to CMAKE_PREFIX_PATH or set
[0.476s]   "joy2twist_DIR" to a directory containing one of the above files.  If
[0.476s]   "joy2twist" provides a separate development package or SDK, be sure it has
[0.476s]   been installed.
[0.476s] 
[0.476s] [0m
[0.476s] -- Configuring incomplete, errors occurred!
[0.476s] See also "/home/colcon_ws/build/joy2twist/CMakeFiles/CMakeOutput.log".
[0.479s] gmake: *** [Makefile:267: cmake_check_build_system] Error 1
[0.480s] Invoked command in '/home/colcon_ws/build/joy2twist' returned '2': CMAKE_PREFIX_PATH=${CMAKE_PREFIX_PATH}:/opt/ros/humble /usr/bin/cmake --build /home/colcon_ws/build/joy2twist -- -j12 -l12
