[0.008s] Invoking command in '/home/colcon_ws/build/joy2twist': CMAKE_PREFIX_PATH=${CMAKE_PREFIX_PATH}:/opt/ros/humble /usr/bin/cmake --build /home/colcon_ws/build/joy2twist -- -j12 -l12
[0.040s] [35m[1mConsolidate compiler generated dependencies of target joy2twist[0m
[0.055s] [ 50%] [32mBuilding CXX object CMakeFiles/joy2twist.dir/src/joy2twist.cpp.o[0m
[1.805s] [01m[K/home/colcon_ws/src/joy2twist/src/joy2twist.cpp:13:17:[m[K [01;31m[Kerror: [m[K‘[01m[KPubliser[m[K’ in namespace ‘[01m[Krclcpp[m[K’ does not name a type; did you mean ‘[01m[KPublisher[m[K’?
[1.805s]    13 |         rclcpp::[01;31m[KPubliser[m[K twist;
[1.805s]       |                 [01;31m[K^~~~~~~~[m[K
[1.805s]       |                 [32m[KPublisher[m[K
[1.807s] [01m[K/home/colcon_ws/src/joy2twist/src/joy2twist.cpp:14:9:[m[K [01;31m[Kerror: [m[K‘[01m[Kgeometry_msgs[m[K’ does not name a type
[1.807s]    14 |         [01;31m[Kgeometry_msgs[m[K::Twist send_data;
[1.807s]       |         [01;31m[K^~~~~~~~~~~~~[m[K
[1.808s] [01m[K/home/colcon_ws/src/joy2twist/src/joy2twist.cpp:16:35:[m[K [01;31m[Kerror: [m[K‘[01m[Ksensor_msgs[m[K’ does not name a type
[1.808s]    16 |         void sub_joy_thread(const [01;31m[Ksensor_msgs[m[K::Joy &msg)
[1.808s]       |                                   [01;31m[K^~~~~~~~~~~[m[K
[1.808s] [01m[K/home/colcon_ws/src/joy2twist/src/joy2twist.cpp:16:52:[m[K [01;31m[Kerror: [m[Kexpected unqualified-id before ‘[01m[K&[m[K’ token
[1.808s]    16 |         void sub_joy_thread(const sensor_msgs::Joy [01;31m[K&[m[Kmsg)
[1.809s]       |                                                    [01;31m[K^[m[K
[1.809s] [01m[K/home/colcon_ws/src/joy2twist/src/joy2twist.cpp:16:51:[m[K [01;31m[Kerror: [m[Kexpected ‘[01m[K)[m[K’ before ‘[01m[K&[m[K’ token
[1.809s]    16 |         void sub_joy_thread[34m[K([m[Kconst sensor_msgs::Joy[01;31m[K [m[K[32m[K&[m[Kmsg)
[1.809s]       |                            [34m[K~[m[K                      [01;31m[K^[m[K[32m[K~[m[K
[1.809s]       |                                                   [32m[K)[m[K
[1.809s] [01m[K/home/colcon_ws/src/joy2twist/src/joy2twist.cpp:16:52:[m[K [01;31m[Kerror: [m[Kexpected ‘[01m[K;[m[K’ at end of member declaration
[1.809s]    16 |         void sub_joy_thread(const sensor_msgs::Joy [01;31m[K&[m[Kmsg)
[1.809s]       |                                                    [01;31m[K^[m[K
[1.809s]       |                                                     [32m[K;[m[K
[1.809s] [01m[K/home/colcon_ws/src/joy2twist/src/joy2twist.cpp:16:53:[m[K [01;31m[Kerror: [m[K‘[01m[Kmsg[m[K’ does not name a type
[1.809s]    16 |         void sub_joy_thread(const sensor_msgs::Joy &[01;31m[Kmsg[m[K)
[1.809s]       |                                                     [01;31m[K^~~[m[K
[1.810s] [01m[K/home/colcon_ws/src/joy2twist/src/joy2twist.cpp:[m[K In function ‘[01m[Kint main(int, char**)[m[K’:
[1.810s] [01m[K/home/colcon_ws/src/joy2twist/src/joy2twist.cpp:31:17:[m[K [01;31m[Kerror: [m[Kno matching function for call to ‘[01m[Kspin(<unresolved overloaded function type>)[m[K’
[1.810s]    31 |     [01;31m[Krclcpp::spin(std::make_shared<example_joy>)[m[K;
[1.810s]       |     [01;31m[K~~~~~~~~~~~~^~~~~~~~~~~~~~~~~~~~~~~~~~~~~~~[m[K
[1.810s] In file included from [01m[K/opt/ros/humble/include/rclcpp/rclcpp/rclcpp.hpp:155[m[K,
[1.810s]                  from [01m[K/home/colcon_ws/src/joy2twist/src/joy2twist.cpp:1[m[K:
[1.810s] [01m[K/opt/ros/humble/include/rclcpp/rclcpp/executors.hpp:45:1:[m[K [01;36m[Knote: [m[Kcandidate: ‘[01m[Kvoid rclcpp::spin(rclcpp::node_interfaces::NodeBaseInterface::SharedPtr)[m[K’
[1.810s]    45 | [01;36m[Kspin[m[K(rclcpp::node_interfaces::NodeBaseInterface::SharedPtr node_ptr);
[1.810s]       | [01;36m[K^~~~[m[K
[1.810s] [01m[K/opt/ros/humble/include/rclcpp/rclcpp/executors.hpp:45:60:[m[K [01;36m[Knote: [m[K  no known conversion for argument 1 from ‘[01m[K<unresolved overloaded function type>[m[K’ to ‘[01m[Krclcpp::node_interfaces::NodeBaseInterface::SharedPtr[m[K’ {aka ‘[01m[Kstd::shared_ptr<rclcpp::node_interfaces::NodeBaseInterface>[m[K’}
[1.810s]    45 | spin([01;36m[Krclcpp::node_interfaces::NodeBaseInterface::SharedPtr node_ptr[m[K);
[1.810s]       |      [01;36m[K~~~~~~~~~~~~~~~~~~~~~~~~~~~~~~~~~~~~~~~~~~~~~~~~~~~~~~^~~~~~~~[m[K
[1.810s] [01m[K/opt/ros/humble/include/rclcpp/rclcpp/executors.hpp:49:1:[m[K [01;36m[Knote: [m[Kcandidate: ‘[01m[Kvoid rclcpp::spin(rclcpp::Node::SharedPtr)[m[K’
[1.810s]    49 | [01;36m[Kspin[m[K(rclcpp::Node::SharedPtr node_ptr);
[1.811s]       | [01;36m[K^~~~[m[K
[1.811s] [01m[K/opt/ros/humble/include/rclcpp/rclcpp/executors.hpp:49:30:[m[K [01;36m[Knote: [m[K  no known conversion for argument 1 from ‘[01m[K<unresolved overloaded function type>[m[K’ to ‘[01m[Krclcpp::Node::SharedPtr[m[K’ {aka ‘[01m[Kstd::shared_ptr<rclcpp::Node>[m[K’}
[1.811s]    49 | spin([01;36m[Krclcpp::Node::SharedPtr node_ptr[m[K);
[1.811s]       |      [01;36m[K~~~~~~~~~~~~~~~~~~~~~~~~^~~~~~~~[m[K
[2.145s] gmake[2]: *** [CMakeFiles/joy2twist.dir/build.make:76: CMakeFiles/joy2twist.dir/src/joy2twist.cpp.o] Error 1
[2.145s] gmake[1]: *** [CMakeFiles/Makefile2:137: CMakeFiles/joy2twist.dir/all] Error 2
[2.145s] gmake: *** [Makefile:146: all] Error 2
[2.147s] Invoked command in '/home/colcon_ws/build/joy2twist' returned '2': CMAKE_PREFIX_PATH=${CMAKE_PREFIX_PATH}:/opt/ros/humble /usr/bin/cmake --build /home/colcon_ws/build/joy2twist -- -j12 -l12
